


ARM Macro Assembler    Page 1 


    1 00000000         ; * ----------------------------------------------------
                       -----------------------------------
    2 00000000         ; * @file:    startup_MKL03Z4.s
    3 00000000         ; * @purpose: CMSIS Cortex-M0P Core Device Startup File
    4 00000000         ; *           MKL03Z4
    5 00000000         ; * @version: 1.2
    6 00000000         ; * @date:    2014-4-30
    7 00000000         ; * ----------------------------------------------------
                       -----------------------------------
    8 00000000         ; *
    9 00000000         ; * Copyright: 1997 - 2014 Freescale Semiconductor, Inc.
                       
   10 00000000         ; * All Rights Reserved.
   11 00000000         ; *
   12 00000000         ; * Redistribution and use in source and binary forms, w
                       ith or without modification,
   13 00000000         ; * are permitted provided that the following conditions
                        are met:
   14 00000000         ; *
   15 00000000         ; * o Redistributions of source code must retain the abo
                       ve copyright notice, this list
   16 00000000         ; *   of conditions and the following disclaimer.
   17 00000000         ; *
   18 00000000         ; * o Redistributions in binary form must reproduce the 
                       above copyright notice, this
   19 00000000         ; *   list of conditions and the following disclaimer in
                        the documentation and/or
   20 00000000         ; *   other materials provided with the distribution.
   21 00000000         ; *
   22 00000000         ; * o Neither the name of Freescale Semiconductor, Inc. 
                       nor the names of its
   23 00000000         ; *   contributors may be used to endorse or promote pro
                       ducts derived from this
   24 00000000         ; *   software without specific prior written permission
                       .
   25 00000000         ; *
   26 00000000         ; * THIS SOFTWARE IS PROVIDED BY THE COPYRIGHT HOLDERS A
                       ND CONTRIBUTORS "AS IS" AND
   27 00000000         ; * ANY EXPRESS OR IMPLIED WARRANTIES, INCLUDING, BUT NO
                       T LIMITED TO, THE IMPLIED
   28 00000000         ; * WARRANTIES OF MERCHANTABILITY AND FITNESS FOR A PART
                       ICULAR PURPOSE ARE
   29 00000000         ; * DISCLAIMED. IN NO EVENT SHALL THE COPYRIGHT HOLDER O
                       R CONTRIBUTORS BE LIABLE FOR
   30 00000000         ; * ANY DIRECT, INDIRECT, INCIDENTAL, SPECIAL, EXEMPLARY
                       , OR CONSEQUENTIAL DAMAGES
   31 00000000         ; * (INCLUDING, BUT NOT LIMITED TO, PROCUREMENT OF SUBST
                       ITUTE GOODS OR SERVICES;
   32 00000000         ; * LOSS OF USE, DATA, OR PROFITS; OR BUSINESS INTERRUPT
                       ION) HOWEVER CAUSED AND ON
   33 00000000         ; * ANY THEORY OF LIABILITY, WHETHER IN CONTRACT, STRICT
                        LIABILITY, OR TORT
   34 00000000         ; * (INCLUDING NEGLIGENCE OR OTHERWISE) ARISING IN ANY W
                       AY OUT OF THE USE OF THIS
   35 00000000         ; * SOFTWARE, EVEN IF ADVISED OF THE POSSIBILITY OF SUCH
                        DAMAGE.
   36 00000000         ; *
   37 00000000         ; *------- <<< Use Configuration Wizard in Context Menu 
                       >>> ------------------



ARM Macro Assembler    Page 2 


   38 00000000         ; *
   39 00000000         ; ******************************************************
                       ***********************/
   40 00000000         
   41 00000000         
   42 00000000         ; <h> Stack Configuration
   43 00000000         ;   <o> Stack Size (in Bytes) <0x0-0xFFFFFFFF:8>
   44 00000000         ; </h>
   45 00000000         
   46 00000000 00000100 
                       Stack_Size
                               EQU              0x00000100
   47 00000000         
   48 00000000                 AREA             STACK, NOINIT, READWRITE, ALIGN
=3
   49 00000000         Stack_Mem
                               SPACE            Stack_Size
   50 00000100         __initial_sp
   51 00000100         
   52 00000100         
   53 00000100         ; <h> Heap Configuration
   54 00000100         ;   <o>  Heap Size (in Bytes) <0x0-0xFFFFFFFF:8>
   55 00000100         ; </h>
   56 00000100         
   57 00000100 00000000 
                       Heap_Size
                               EQU              0x00000000
   58 00000100         
   59 00000100                 AREA             HEAP, NOINIT, READWRITE, ALIGN=
3
   60 00000000         __heap_base
   61 00000000         Heap_Mem
                               SPACE            Heap_Size
   62 00000000         __heap_limit
   63 00000000         
   64 00000000         
   65 00000000                 PRESERVE8
   66 00000000                 THUMB
   67 00000000         
   68 00000000         
   69 00000000         ; Vector Table Mapped to Address 0 at Reset
   70 00000000         
   71 00000000                 AREA             RESET, DATA, READONLY
   72 00000000                 EXPORT           __Vectors
   73 00000000                 EXPORT           __Vectors_End
   74 00000000                 EXPORT           __Vectors_Size
   75 00000000         
   76 00000000 00000000 
                       __Vectors
                               DCD              __initial_sp ; Top of Stack
   77 00000004 00000000        DCD              Reset_Handler ; Reset Handler
   78 00000008 00000000        DCD              NMI_Handler ; NMI Handler
   79 0000000C 00000000        DCD              HardFault_Handler ; Hard Fault 
                                                            Handler
   80 00000010 00000000        DCD              0           ; Reserved
   81 00000014 00000000        DCD              0           ; Reserved
   82 00000018 00000000        DCD              0           ; Reserved
   83 0000001C 00000000        DCD              0           ; Reserved
   84 00000020 00000000        DCD              0           ; Reserved



ARM Macro Assembler    Page 3 


   85 00000024 00000000        DCD              0           ; Reserved
   86 00000028 00000000        DCD              0           ; Reserved
   87 0000002C 00000000        DCD              SVC_Handler ; SVCall Handler
   88 00000030 00000000        DCD              0           ; Reserved
   89 00000034 00000000        DCD              0           ; Reserved
   90 00000038 00000000        DCD              PendSV_Handler ; PendSV Handler
                                                            
   91 0000003C 00000000        DCD              SysTick_Handler 
                                                            ; SysTick Handler
   92 00000040         
   93 00000040         ; External Interrupts
   94 00000040 00000000        DCD              Reserved16_IRQHandler ; Reserve
                                                            d interrupt
   95 00000044 00000000        DCD              Reserved17_IRQHandler ; Reserve
                                                            d interrupt
   96 00000048 00000000        DCD              Reserved18_IRQHandler ; Reserve
                                                            d interrupt
   97 0000004C 00000000        DCD              Reserved19_IRQHandler ; Reserve
                                                            d interrupt
   98 00000050 00000000        DCD              Reserved20_IRQHandler ; Reserve
                                                            d interrupt
   99 00000054 00000000        DCD              FTFA_IRQHandler ; Command compl
                                                            ete and read collis
                                                            ion
  100 00000058 00000000        DCD              PMC_IRQHandler ; Low-voltage de
                                                            tect, low-voltage w
                                                            arning
  101 0000005C 00000000        DCD              LLWU_IRQHandler ; Low leakage w
                                                            akeup
  102 00000060 00000000        DCD              I2C0_IRQHandler 
                                                            ; I2C0 interrupt
  103 00000064 00000000        DCD              Reserved25_IRQHandler ; Reserve
                                                            d interrupt
  104 00000068 00000000        DCD              SPI0_IRQHandler ; SPI0 single i
                                                            nterrupt vector for
                                                             all sources
  105 0000006C 00000000        DCD              Reserved27_IRQHandler ; Reserve
                                                            d interrupt
  106 00000070 00000000        DCD              LPUART0_IRQHandler ; LPUART0 st
                                                            atus and error
  107 00000074 00000000        DCD              Reserved29_IRQHandler ; Reserve
                                                            d interrupt
  108 00000078 00000000        DCD              Reserved30_IRQHandler ; Reserve
                                                            d interrupt
  109 0000007C 00000000        DCD              ADC0_IRQHandler 
                                                            ; ADC0 interrupt
  110 00000080 00000000        DCD              CMP0_IRQHandler 
                                                            ; CMP0 interrupt
  111 00000084 00000000        DCD              TPM0_IRQHandler ; TPM0 single i
                                                            nterrupt vector for
                                                             all sources
  112 00000088 00000000        DCD              TPM1_IRQHandler ; TPM1 single i
                                                            nterrupt vector for
                                                             all sources
  113 0000008C 00000000        DCD              Reserved35_IRQHandler ; Reserve
                                                            d interrupt
  114 00000090 00000000        DCD              RTC_IRQHandler ; RTC alarm
  115 00000094 00000000        DCD              RTC_Seconds_IRQHandler 
                                                            ; RTC seconds



ARM Macro Assembler    Page 4 


  116 00000098 00000000        DCD              Reserved38_IRQHandler ; Reserve
                                                            d interrupt
  117 0000009C 00000000        DCD              Reserved39_IRQHandler ; Reserve
                                                            d interrupt
  118 000000A0 00000000        DCD              Reserved40_IRQHandler ; Reserve
                                                            d interrupt
  119 000000A4 00000000        DCD              Reserved41_IRQHandler ; Reserve
                                                            d interrupt
  120 000000A8 00000000        DCD              Reserved42_IRQHandler ; Reserve
                                                            d interrupt
  121 000000AC 00000000        DCD              Reserved43_IRQHandler ; Reserve
                                                            d interrupt
  122 000000B0 00000000        DCD              LPTMR0_IRQHandler 
                                                            ; LPTMR0 interrupt
  123 000000B4 00000000        DCD              Reserved45_IRQHandler ; Reserve
                                                            d interrupt
  124 000000B8 00000000        DCD              PORTA_IRQHandler 
                                                            ; PORTA Pin detect
  125 000000BC 00000000        DCD              PORTB_IRQHandler 
                                                            ; PORTB Pin detect
  126 000000C0         __Vectors_End
  127 000000C0         
  128 000000C0 000000C0 
                       __Vectors_Size
                               EQU              __Vectors_End - __Vectors
  129 000000C0         
  130 000000C0         ; <h> Flash Configuration
  131 000000C0         ;   <i> 16-byte flash configuration field that stores de
                       fault protection settings (loaded on reset)
  132 000000C0         ;   <i> and security information that allows the MCU to 
                       restrict acces to the FTFL module.
  133 000000C0         ;   <h> Backdoor Comparison Key
  134 000000C0         ;     <o0>  Backdoor Key 0  <0x0-0xFF:2>
  135 000000C0         ;     <o1>  Backdoor Key 1  <0x0-0xFF:2>
  136 000000C0         ;     <o2>  Backdoor Key 2  <0x0-0xFF:2>
  137 000000C0         ;     <o3>  Backdoor Key 3  <0x0-0xFF:2>
  138 000000C0         ;     <o4>  Backdoor Key 4  <0x0-0xFF:2>
  139 000000C0         ;     <o5>  Backdoor Key 5  <0x0-0xFF:2>
  140 000000C0         ;     <o6>  Backdoor Key 6  <0x0-0xFF:2>
  141 000000C0         ;     <o7>  Backdoor Key 7  <0x0-0xFF:2>
  142 000000C0 000000FF 
                       BackDoorK0
                               EQU              0xFF
  143 000000C0 000000FF 
                       BackDoorK1
                               EQU              0xFF
  144 000000C0 000000FF 
                       BackDoorK2
                               EQU              0xFF
  145 000000C0 000000FF 
                       BackDoorK3
                               EQU              0xFF
  146 000000C0 000000FF 
                       BackDoorK4
                               EQU              0xFF
  147 000000C0 000000FF 
                       BackDoorK5
                               EQU              0xFF
  148 000000C0 000000FF 



ARM Macro Assembler    Page 5 


                       BackDoorK6
                               EQU              0xFF
  149 000000C0 000000FF 
                       BackDoorK7
                               EQU              0xFF
  150 000000C0         ;   </h>
  151 000000C0         ;   <h> Program flash protection bytes (FPROT)
  152 000000C0         ;     <i> Each program flash region can be protected fro
                       m program and erase operation by setting the associated 
                       PROT bit.
  153 000000C0         ;     <i> Each bit protects a 1/32 region of the program
                        flash memory.
  154 000000C0         ;     <h> FPROT0
  155 000000C0         ;       <i> Program flash protection bytes
  156 000000C0         ;       <i> 1/32 - 8/32 region
  157 000000C0         ;       <o.0>   FPROT0.0
  158 000000C0         ;       <o.1>   FPROT0.1
  159 000000C0         ;       <o.2>   FPROT0.2
  160 000000C0         ;       <o.3>   FPROT0.3
  161 000000C0         ;       <o.4>   FPROT0.4
  162 000000C0         ;       <o.5>   FPROT0.5
  163 000000C0         ;       <o.6>   FPROT0.6
  164 000000C0         ;       <o.7>   FPROT0.7
  165 000000C0 00000000 
                       nFPROT0 EQU              0x00
  166 000000C0 000000FF 
                       FPROT0  EQU              nFPROT0:EOR:0xFF
  167 000000C0         ;     </h>
  168 000000C0         ;     <h> FPROT1
  169 000000C0         ;       <i> Program Flash Region Protect Register 1
  170 000000C0         ;       <i> 9/32 - 16/32 region
  171 000000C0         ;       <o.0>   FPROT1.0
  172 000000C0         ;       <o.1>   FPROT1.1
  173 000000C0         ;       <o.2>   FPROT1.2
  174 000000C0         ;       <o.3>   FPROT1.3
  175 000000C0         ;       <o.4>   FPROT1.4
  176 000000C0         ;       <o.5>   FPROT1.5
  177 000000C0         ;       <o.6>   FPROT1.6
  178 000000C0         ;       <o.7>   FPROT1.7
  179 000000C0 00000000 
                       nFPROT1 EQU              0x00
  180 000000C0 000000FF 
                       FPROT1  EQU              nFPROT1:EOR:0xFF
  181 000000C0         ;     </h>
  182 000000C0         ;     <h> FPROT2
  183 000000C0         ;       <i> Program Flash Region Protect Register 2
  184 000000C0         ;       <i> 17/32 - 24/32 region
  185 000000C0         ;       <o.0>   FPROT2.0
  186 000000C0         ;       <o.1>   FPROT2.1
  187 000000C0         ;       <o.2>   FPROT2.2
  188 000000C0         ;       <o.3>   FPROT2.3
  189 000000C0         ;       <o.4>   FPROT2.4
  190 000000C0         ;       <o.5>   FPROT2.5
  191 000000C0         ;       <o.6>   FPROT2.6
  192 000000C0         ;       <o.7>   FPROT2.7
  193 000000C0 00000000 
                       nFPROT2 EQU              0x00
  194 000000C0 000000FF 
                       FPROT2  EQU              nFPROT2:EOR:0xFF



ARM Macro Assembler    Page 6 


  195 000000C0         ;     </h>
  196 000000C0         ;     <h> FPROT3
  197 000000C0         ;       <i> Program Flash Region Protect Register 3
  198 000000C0         ;       <i> 25/32 - 32/32 region
  199 000000C0         ;       <o.0>   FPROT3.0
  200 000000C0         ;       <o.1>   FPROT3.1
  201 000000C0         ;       <o.2>   FPROT3.2
  202 000000C0         ;       <o.3>   FPROT3.3
  203 000000C0         ;       <o.4>   FPROT3.4
  204 000000C0         ;       <o.5>   FPROT3.5
  205 000000C0         ;       <o.6>   FPROT3.6
  206 000000C0         ;       <o.7>   FPROT3.7
  207 000000C0 00000000 
                       nFPROT3 EQU              0x00
  208 000000C0 000000FF 
                       FPROT3  EQU              nFPROT3:EOR:0xFF
  209 000000C0         ;     </h>
  210 000000C0         ;   </h>
  211 000000C0         ;   </h>
  212 000000C0         ;   <h> Flash nonvolatile option byte (FOPT)
  213 000000C0         ;     <i> Allows the user to customize the operation of 
                       the MCU at boot time.
  214 000000C0         ;     <o.0>  LPBOOT0
  215 000000C0         ;       <0=> Core and system clock divider (OUTDIV1) is 
                       0x7 (divide by 8) or 0x3 (divide by 4)
  216 000000C0         ;       <1=> Core and system clock divider (OUTDIV1) is 
                       0x1 (divide by 2) or 0x0 (divide by 1)
  217 000000C0         ;     <o.4>  LPBOOT1
  218 000000C0         ;       <0=> Core and system clock divider (OUTDIV1) is 
                       0x7 (divide by 8) or 0x1 (divide by 2)
  219 000000C0         ;       <1=> Core and system clock divider (OUTDIV1) is 
                       0x3 (divide by 4) or 0x0 (divide by 1)
  220 000000C0         ;     <o.1>  BOOTPIN_OPT
  221 000000C0         ;       <0=> Force Boot from ROM if BOOTCFG0 asserted, w
                       here BOOTCFG0 is the boot config function which is muxed
                        with NMI pin
  222 000000C0         ;       <1=> Boot source configured by FOPT[BOOTSRC_SEL]
                        bits
  223 000000C0         ;     <o.2>  NMI_DIS
  224 000000C0         ;       <0=> NMI interrupts are always blocked
  225 000000C0         ;       <1=> NMI pin/interrupts reset default to enabled
                       
  226 000000C0         ;     <o.3>  RESET_PIN_CFG
  227 000000C0         ;       <0=> RESET pin is disabled following a POR and c
                       annot be enabled as RESET function
  228 000000C0         ;       <1=> RESET pin is dedicated
  229 000000C0         ;     <o.5>  FAST_INIT
  230 000000C0         ;       <0=> Slower initialization
  231 000000C0         ;       <1=> Fast Initialization
  232 000000C0         ;     <o.6..7> BOOTSRC_SEL
  233 000000C0         ;       <0=> Boot from Flash
  234 000000C0         ;       <2=> Boot from ROM
  235 000000C0         ;       <3=> Boot from ROM
  236 000000C0 0000003D 
                       FOPT    EQU              0x3D
  237 000000C0         ;   </h>
  238 000000C0         ;   <h> Flash security byte (FSEC)
  239 000000C0         ;     <i> WARNING: If SEC field is configured as "MCU se
                       curity status is secure" and MEEN field is configured as



ARM Macro Assembler    Page 7 


                        "Mass erase is disabled",
  240 000000C0         ;     <i> MCU's security status cannot be set back to un
                       secure state since Mass erase via the debugger is blocke
                       d !!!
  241 000000C0         ;     <o.0..1> SEC
  242 000000C0         ;       <2=> MCU security status is unsecure
  243 000000C0         ;       <3=> MCU security status is secure
  244 000000C0         ;         <i> Flash Security
  245 000000C0         ;         <i> This bits define the security state of the
                        MCU.
  246 000000C0         ;     <o.2..3> FSLACC
  247 000000C0         ;       <2=> Freescale factory access denied
  248 000000C0         ;       <3=> Freescale factory access granted
  249 000000C0         ;         <i> Freescale Failure Analysis Access Code
  250 000000C0         ;         <i> This bits define the security state of the
                        MCU.
  251 000000C0         ;     <o.4..5> MEEN
  252 000000C0         ;       <2=> Mass erase is disabled
  253 000000C0         ;       <3=> Mass erase is enabled
  254 000000C0         ;         <i> Mass Erase Enable Bits
  255 000000C0         ;         <i> Enables and disables mass erase capability
                        of the FTFL module
  256 000000C0         ;     <o.6..7> KEYEN
  257 000000C0         ;       <2=> Backdoor key access enabled
  258 000000C0         ;       <3=> Backdoor key access disabled
  259 000000C0         ;         <i> Backdoor key Security Enable
  260 000000C0         ;         <i> These bits enable and disable backdoor key
                        access to the FTFL module.
  261 000000C0 000000FE 
                       FSEC    EQU              0xFE
  262 000000C0         ;   </h>
  263 000000C0         
  264 000000C0                 IF               :LNOT::DEF:RAM_TARGET
  265 000000C0                 AREA             |.ARM.__at_0x400|, CODE, READON
LY
  266 00000000 FF FF FF 
              FF               DCB              BackDoorK0, BackDoorK1, BackDoo
rK2, BackDoorK3
  267 00000004 FF FF FF 
              FF               DCB              BackDoorK4, BackDoorK5, BackDoo
rK6, BackDoorK7
  268 00000008 FF FF FF 
              FF               DCB              FPROT0,     FPROT1,     FPROT2,
     FPROT3
  269 0000000C FE 3D FF 
              FF               DCB              FSEC,       FOPT,       0xFF,  
   0xFF
  270 00000010                 ENDIF
  271 00000010         
  272 00000010                 AREA             |.text|, CODE, READONLY
  273 00000000         
  274 00000000         ;init_data_bss
  275 00000000         ;     User defined function for data and bs memory segme
                       nt initialization.
  276 00000000         ;      Weak definition to be replaced by user code.
  277 00000000         
  278 00000000         init_data_bss
                               PROC
  279 00000000                 EXPORT           init_data_bss             [WEAK



ARM Macro Assembler    Page 8 


]
  280 00000000 4770            BX               R14
  281 00000002                 ENDP
  282 00000002         
  283 00000002         ; Reset Handler
  284 00000002         
  285 00000002         Reset_Handler
                               PROC
  286 00000002                 EXPORT           Reset_Handler             [WEAK
]
  287 00000002                 IMPORT           SystemInit
  288 00000002                 IMPORT           __main
  289 00000002 4809            LDR              R0, =SystemInit
  290 00000004 4780            BLX              R0
  291 00000006 4809            LDR              R0, =init_data_bss
  292 00000008 4780            BLX              R0
  293 0000000A 4809            LDR              R0, =__main
  294 0000000C 4700            BX               R0
  295 0000000E                 ENDP
  296 0000000E         
  297 0000000E         
  298 0000000E         ; Dummy Exception Handlers (infinite loops which can be 
                       modified)
  299 0000000E         
  300 0000000E         NMI_Handler
                               PROC
  301 0000000E                 EXPORT           NMI_Handler               [WEAK
]
  302 0000000E E7FE            B                .
  303 00000010                 ENDP
  305 00000010         HardFault_Handler
                               PROC
  306 00000010                 EXPORT           HardFault_Handler         [WEAK
]
  307 00000010 E7FE            B                .
  308 00000012                 ENDP
  309 00000012         SVC_Handler
                               PROC
  310 00000012                 EXPORT           SVC_Handler               [WEAK
]
  311 00000012 E7FE            B                .
  312 00000014                 ENDP
  313 00000014         PendSV_Handler
                               PROC
  314 00000014                 EXPORT           PendSV_Handler            [WEAK
]
  315 00000014 E7FE            B                .
  316 00000016                 ENDP
  317 00000016         SysTick_Handler
                               PROC
  318 00000016                 EXPORT           SysTick_Handler           [WEAK
]
  319 00000016 E7FE            B                .
  320 00000018                 ENDP
  321 00000018         
  322 00000018         Default_Handler
                               PROC
  323 00000018                 EXPORT           Reserved16_IRQHandler     [WEAK
]



ARM Macro Assembler    Page 9 


  324 00000018                 EXPORT           Reserved17_IRQHandler     [WEAK
]
  325 00000018                 EXPORT           Reserved18_IRQHandler     [WEAK
]
  326 00000018                 EXPORT           Reserved19_IRQHandler     [WEAK
]
  327 00000018                 EXPORT           Reserved20_IRQHandler     [WEAK
]
  328 00000018                 EXPORT           FTFA_IRQHandler     [WEAK]
  329 00000018                 EXPORT           PMC_IRQHandler     [WEAK]
  330 00000018                 EXPORT           LLWU_IRQHandler     [WEAK]
  331 00000018                 EXPORT           I2C0_IRQHandler     [WEAK]
  332 00000018                 EXPORT           Reserved25_IRQHandler     [WEAK
]
  333 00000018                 EXPORT           SPI0_IRQHandler     [WEAK]
  334 00000018                 EXPORT           Reserved27_IRQHandler     [WEAK
]
  335 00000018                 EXPORT           LPUART0_IRQHandler     [WEAK]
  336 00000018                 EXPORT           Reserved29_IRQHandler     [WEAK
]
  337 00000018                 EXPORT           Reserved30_IRQHandler     [WEAK
]
  338 00000018                 EXPORT           ADC0_IRQHandler     [WEAK]
  339 00000018                 EXPORT           CMP0_IRQHandler     [WEAK]
  340 00000018                 EXPORT           TPM0_IRQHandler     [WEAK]
  341 00000018                 EXPORT           TPM1_IRQHandler     [WEAK]
  342 00000018                 EXPORT           Reserved35_IRQHandler     [WEAK
]
  343 00000018                 EXPORT           RTC_IRQHandler     [WEAK]
  344 00000018                 EXPORT           RTC_Seconds_IRQHandler     [WEA
K]
  345 00000018                 EXPORT           Reserved38_IRQHandler     [WEAK
]
  346 00000018                 EXPORT           Reserved39_IRQHandler     [WEAK
]
  347 00000018                 EXPORT           Reserved40_IRQHandler     [WEAK
]
  348 00000018                 EXPORT           Reserved41_IRQHandler     [WEAK
]
  349 00000018                 EXPORT           Reserved42_IRQHandler     [WEAK
]
  350 00000018                 EXPORT           Reserved43_IRQHandler     [WEAK
]
  351 00000018                 EXPORT           LPTMR0_IRQHandler     [WEAK]
  352 00000018                 EXPORT           Reserved45_IRQHandler     [WEAK
]
  353 00000018                 EXPORT           PORTA_IRQHandler     [WEAK]
  354 00000018                 EXPORT           PORTB_IRQHandler     [WEAK]
  355 00000018                 EXPORT           DefaultISR                     
 [WEAK]
  356 00000018         
  357 00000018         Reserved16_IRQHandler
  358 00000018         Reserved17_IRQHandler
  359 00000018         Reserved18_IRQHandler
  360 00000018         Reserved19_IRQHandler
  361 00000018         Reserved20_IRQHandler
  362 00000018         FTFA_IRQHandler
  363 00000018         PMC_IRQHandler
  364 00000018         LLWU_IRQHandler



ARM Macro Assembler    Page 10 


  365 00000018         I2C0_IRQHandler
  366 00000018         Reserved25_IRQHandler
  367 00000018         SPI0_IRQHandler
  368 00000018         Reserved27_IRQHandler
  369 00000018         LPUART0_IRQHandler
  370 00000018         Reserved29_IRQHandler
  371 00000018         Reserved30_IRQHandler
  372 00000018         ADC0_IRQHandler
  373 00000018         CMP0_IRQHandler
  374 00000018         TPM0_IRQHandler
  375 00000018         TPM1_IRQHandler
  376 00000018         Reserved35_IRQHandler
  377 00000018         RTC_IRQHandler
  378 00000018         RTC_Seconds_IRQHandler
  379 00000018         Reserved38_IRQHandler
  380 00000018         Reserved39_IRQHandler
  381 00000018         Reserved40_IRQHandler
  382 00000018         Reserved41_IRQHandler
  383 00000018         Reserved42_IRQHandler
  384 00000018         Reserved43_IRQHandler
  385 00000018         LPTMR0_IRQHandler
  386 00000018         Reserved45_IRQHandler
  387 00000018         PORTA_IRQHandler
  388 00000018         PORTB_IRQHandler
  389 00000018         DefaultISR
  390 00000018         
  391 00000018 E7FE            B                .
  392 0000001A         
  393 0000001A                 ENDP
  394 0000001A         
  395 0000001A         
  396 0000001A 00 00           ALIGN
  397 0000001C         
  398 0000001C         
  399 0000001C         ; User Initial Stack & Heap
  400 0000001C         
  401 0000001C                 IF               :DEF:__MICROLIB
  408 0000001C         
  409 0000001C                 IMPORT           __use_two_region_memory
  410 0000001C                 EXPORT           __user_initial_stackheap
  411 0000001C         __user_initial_stackheap
  412 0000001C         
  413 0000001C 4805            LDR              R0, =  Heap_Mem
  414 0000001E 4906            LDR              R1, =(Stack_Mem + Stack_Size)
  415 00000020 4A04            LDR              R2, = (Heap_Mem +  Heap_Size)
  416 00000022 4B06            LDR              R3, = Stack_Mem
  417 00000024 4770            BX               LR
  418 00000026         
  419 00000026 00 00           ALIGN
  420 00000028         
  421 00000028                 ENDIF
  422 00000028         
  423 00000028         
  424 00000028                 END
              00000000 
              00000000 
              00000000 
              00000000 
              00000100 



ARM Macro Assembler    Page 11 


              00000000 
Command Line: --debug --xref --cpu=Cortex-M0+ --apcs=interwork --depend=.\objec
ts\startup_mkl03z4.d -o.\objects\startup_mkl03z4.o -IC:\Users\chris\workspace\A
PRSDongle\software\powerRev2\RTE -IC:\Users\chris\workspace\APRSDongle\software
\powerRev2\RTE\Device\MKL03Z16xxx4 -IC:\Keil_v5\ARM\PACK\ARM\CMSIS\4.2.0\CMSIS\
Include -IC:\Keil_v5\ARM\PACK\Keil\Kinetis_KLxx_DFP\1.4.0\Device\Include --pred
efine="__EVAL SETA 1" --predefine="__UVISION_VERSION SETA 513" --predefine="_RT
E_ SETA 1" --predefine="MKL03Z16xxx4 SETA 1" --list=.\listings\startup_mkl03z4.
lst RTE\Device\MKL03Z16xxx4\startup_MKL03Z4.s



ARM Macro Assembler    Page 1 Alphabetic symbol ordering
Relocatable symbols

STACK 00000000

Symbol: STACK
   Definitions
      At line 48 in file RTE\Device\MKL03Z16xxx4\startup_MKL03Z4.s
   Uses
      None
Comment: STACK unused
Stack_Mem 00000000

Symbol: Stack_Mem
   Definitions
      At line 49 in file RTE\Device\MKL03Z16xxx4\startup_MKL03Z4.s
   Uses
      At line 414 in file RTE\Device\MKL03Z16xxx4\startup_MKL03Z4.s
      At line 416 in file RTE\Device\MKL03Z16xxx4\startup_MKL03Z4.s

__initial_sp 00000100

Symbol: __initial_sp
   Definitions
      At line 50 in file RTE\Device\MKL03Z16xxx4\startup_MKL03Z4.s
   Uses
      At line 76 in file RTE\Device\MKL03Z16xxx4\startup_MKL03Z4.s
Comment: __initial_sp used once
3 symbols



ARM Macro Assembler    Page 1 Alphabetic symbol ordering
Relocatable symbols

HEAP 00000000

Symbol: HEAP
   Definitions
      At line 59 in file RTE\Device\MKL03Z16xxx4\startup_MKL03Z4.s
   Uses
      None
Comment: HEAP unused
Heap_Mem 00000000

Symbol: Heap_Mem
   Definitions
      At line 61 in file RTE\Device\MKL03Z16xxx4\startup_MKL03Z4.s
   Uses
      At line 413 in file RTE\Device\MKL03Z16xxx4\startup_MKL03Z4.s
      At line 415 in file RTE\Device\MKL03Z16xxx4\startup_MKL03Z4.s

__heap_base 00000000

Symbol: __heap_base
   Definitions
      At line 60 in file RTE\Device\MKL03Z16xxx4\startup_MKL03Z4.s
   Uses
      None
Comment: __heap_base unused
__heap_limit 00000000

Symbol: __heap_limit
   Definitions
      At line 62 in file RTE\Device\MKL03Z16xxx4\startup_MKL03Z4.s
   Uses
      None
Comment: __heap_limit unused
4 symbols



ARM Macro Assembler    Page 1 Alphabetic symbol ordering
Relocatable symbols

RESET 00000000

Symbol: RESET
   Definitions
      At line 71 in file RTE\Device\MKL03Z16xxx4\startup_MKL03Z4.s
   Uses
      None
Comment: RESET unused
__Vectors 00000000

Symbol: __Vectors
   Definitions
      At line 76 in file RTE\Device\MKL03Z16xxx4\startup_MKL03Z4.s
   Uses
      At line 72 in file RTE\Device\MKL03Z16xxx4\startup_MKL03Z4.s
      At line 128 in file RTE\Device\MKL03Z16xxx4\startup_MKL03Z4.s

__Vectors_End 000000C0

Symbol: __Vectors_End
   Definitions
      At line 126 in file RTE\Device\MKL03Z16xxx4\startup_MKL03Z4.s
   Uses
      At line 73 in file RTE\Device\MKL03Z16xxx4\startup_MKL03Z4.s
      At line 128 in file RTE\Device\MKL03Z16xxx4\startup_MKL03Z4.s

3 symbols



ARM Macro Assembler    Page 1 Alphabetic symbol ordering
Relocatable symbols

.ARM.__at_0x400 00000000

Symbol: .ARM.__at_0x400
   Definitions
      At line 265 in file RTE\Device\MKL03Z16xxx4\startup_MKL03Z4.s
   Uses
      None
Comment: .ARM.__at_0x400 unused
1 symbol



ARM Macro Assembler    Page 1 Alphabetic symbol ordering
Relocatable symbols

.text 00000000

Symbol: .text
   Definitions
      At line 272 in file RTE\Device\MKL03Z16xxx4\startup_MKL03Z4.s
   Uses
      None
Comment: .text unused
ADC0_IRQHandler 00000018

Symbol: ADC0_IRQHandler
   Definitions
      At line 372 in file RTE\Device\MKL03Z16xxx4\startup_MKL03Z4.s
   Uses
      At line 109 in file RTE\Device\MKL03Z16xxx4\startup_MKL03Z4.s
      At line 338 in file RTE\Device\MKL03Z16xxx4\startup_MKL03Z4.s

CMP0_IRQHandler 00000018

Symbol: CMP0_IRQHandler
   Definitions
      At line 373 in file RTE\Device\MKL03Z16xxx4\startup_MKL03Z4.s
   Uses
      At line 110 in file RTE\Device\MKL03Z16xxx4\startup_MKL03Z4.s
      At line 339 in file RTE\Device\MKL03Z16xxx4\startup_MKL03Z4.s

DefaultISR 00000018

Symbol: DefaultISR
   Definitions
      At line 389 in file RTE\Device\MKL03Z16xxx4\startup_MKL03Z4.s
   Uses
      At line 355 in file RTE\Device\MKL03Z16xxx4\startup_MKL03Z4.s
Comment: DefaultISR used once
Default_Handler 00000018

Symbol: Default_Handler
   Definitions
      At line 322 in file RTE\Device\MKL03Z16xxx4\startup_MKL03Z4.s
   Uses
      None
Comment: Default_Handler unused
FTFA_IRQHandler 00000018

Symbol: FTFA_IRQHandler
   Definitions
      At line 362 in file RTE\Device\MKL03Z16xxx4\startup_MKL03Z4.s
   Uses
      At line 99 in file RTE\Device\MKL03Z16xxx4\startup_MKL03Z4.s
      At line 328 in file RTE\Device\MKL03Z16xxx4\startup_MKL03Z4.s

HardFault_Handler 00000010

Symbol: HardFault_Handler
   Definitions
      At line 305 in file RTE\Device\MKL03Z16xxx4\startup_MKL03Z4.s
   Uses
      At line 79 in file RTE\Device\MKL03Z16xxx4\startup_MKL03Z4.s
      At line 306 in file RTE\Device\MKL03Z16xxx4\startup_MKL03Z4.s



ARM Macro Assembler    Page 2 Alphabetic symbol ordering
Relocatable symbols


I2C0_IRQHandler 00000018

Symbol: I2C0_IRQHandler
   Definitions
      At line 365 in file RTE\Device\MKL03Z16xxx4\startup_MKL03Z4.s
   Uses
      At line 102 in file RTE\Device\MKL03Z16xxx4\startup_MKL03Z4.s
      At line 331 in file RTE\Device\MKL03Z16xxx4\startup_MKL03Z4.s

LLWU_IRQHandler 00000018

Symbol: LLWU_IRQHandler
   Definitions
      At line 364 in file RTE\Device\MKL03Z16xxx4\startup_MKL03Z4.s
   Uses
      At line 101 in file RTE\Device\MKL03Z16xxx4\startup_MKL03Z4.s
      At line 330 in file RTE\Device\MKL03Z16xxx4\startup_MKL03Z4.s

LPTMR0_IRQHandler 00000018

Symbol: LPTMR0_IRQHandler
   Definitions
      At line 385 in file RTE\Device\MKL03Z16xxx4\startup_MKL03Z4.s
   Uses
      At line 122 in file RTE\Device\MKL03Z16xxx4\startup_MKL03Z4.s
      At line 351 in file RTE\Device\MKL03Z16xxx4\startup_MKL03Z4.s

LPUART0_IRQHandler 00000018

Symbol: LPUART0_IRQHandler
   Definitions
      At line 369 in file RTE\Device\MKL03Z16xxx4\startup_MKL03Z4.s
   Uses
      At line 106 in file RTE\Device\MKL03Z16xxx4\startup_MKL03Z4.s
      At line 335 in file RTE\Device\MKL03Z16xxx4\startup_MKL03Z4.s

NMI_Handler 0000000E

Symbol: NMI_Handler
   Definitions
      At line 300 in file RTE\Device\MKL03Z16xxx4\startup_MKL03Z4.s
   Uses
      At line 78 in file RTE\Device\MKL03Z16xxx4\startup_MKL03Z4.s
      At line 301 in file RTE\Device\MKL03Z16xxx4\startup_MKL03Z4.s

PMC_IRQHandler 00000018

Symbol: PMC_IRQHandler
   Definitions
      At line 363 in file RTE\Device\MKL03Z16xxx4\startup_MKL03Z4.s
   Uses
      At line 100 in file RTE\Device\MKL03Z16xxx4\startup_MKL03Z4.s
      At line 329 in file RTE\Device\MKL03Z16xxx4\startup_MKL03Z4.s

PORTA_IRQHandler 00000018

Symbol: PORTA_IRQHandler
   Definitions



ARM Macro Assembler    Page 3 Alphabetic symbol ordering
Relocatable symbols

      At line 387 in file RTE\Device\MKL03Z16xxx4\startup_MKL03Z4.s
   Uses
      At line 124 in file RTE\Device\MKL03Z16xxx4\startup_MKL03Z4.s
      At line 353 in file RTE\Device\MKL03Z16xxx4\startup_MKL03Z4.s

PORTB_IRQHandler 00000018

Symbol: PORTB_IRQHandler
   Definitions
      At line 388 in file RTE\Device\MKL03Z16xxx4\startup_MKL03Z4.s
   Uses
      At line 125 in file RTE\Device\MKL03Z16xxx4\startup_MKL03Z4.s
      At line 354 in file RTE\Device\MKL03Z16xxx4\startup_MKL03Z4.s

PendSV_Handler 00000014

Symbol: PendSV_Handler
   Definitions
      At line 313 in file RTE\Device\MKL03Z16xxx4\startup_MKL03Z4.s
   Uses
      At line 90 in file RTE\Device\MKL03Z16xxx4\startup_MKL03Z4.s
      At line 314 in file RTE\Device\MKL03Z16xxx4\startup_MKL03Z4.s

RTC_IRQHandler 00000018

Symbol: RTC_IRQHandler
   Definitions
      At line 377 in file RTE\Device\MKL03Z16xxx4\startup_MKL03Z4.s
   Uses
      At line 114 in file RTE\Device\MKL03Z16xxx4\startup_MKL03Z4.s
      At line 343 in file RTE\Device\MKL03Z16xxx4\startup_MKL03Z4.s

RTC_Seconds_IRQHandler 00000018

Symbol: RTC_Seconds_IRQHandler
   Definitions
      At line 378 in file RTE\Device\MKL03Z16xxx4\startup_MKL03Z4.s
   Uses
      At line 115 in file RTE\Device\MKL03Z16xxx4\startup_MKL03Z4.s
      At line 344 in file RTE\Device\MKL03Z16xxx4\startup_MKL03Z4.s

Reserved16_IRQHandler 00000018

Symbol: Reserved16_IRQHandler
   Definitions
      At line 357 in file RTE\Device\MKL03Z16xxx4\startup_MKL03Z4.s
   Uses
      At line 94 in file RTE\Device\MKL03Z16xxx4\startup_MKL03Z4.s
      At line 323 in file RTE\Device\MKL03Z16xxx4\startup_MKL03Z4.s

Reserved17_IRQHandler 00000018

Symbol: Reserved17_IRQHandler
   Definitions
      At line 358 in file RTE\Device\MKL03Z16xxx4\startup_MKL03Z4.s
   Uses
      At line 95 in file RTE\Device\MKL03Z16xxx4\startup_MKL03Z4.s
      At line 324 in file RTE\Device\MKL03Z16xxx4\startup_MKL03Z4.s




ARM Macro Assembler    Page 4 Alphabetic symbol ordering
Relocatable symbols

Reserved18_IRQHandler 00000018

Symbol: Reserved18_IRQHandler
   Definitions
      At line 359 in file RTE\Device\MKL03Z16xxx4\startup_MKL03Z4.s
   Uses
      At line 96 in file RTE\Device\MKL03Z16xxx4\startup_MKL03Z4.s
      At line 325 in file RTE\Device\MKL03Z16xxx4\startup_MKL03Z4.s

Reserved19_IRQHandler 00000018

Symbol: Reserved19_IRQHandler
   Definitions
      At line 360 in file RTE\Device\MKL03Z16xxx4\startup_MKL03Z4.s
   Uses
      At line 97 in file RTE\Device\MKL03Z16xxx4\startup_MKL03Z4.s
      At line 326 in file RTE\Device\MKL03Z16xxx4\startup_MKL03Z4.s

Reserved20_IRQHandler 00000018

Symbol: Reserved20_IRQHandler
   Definitions
      At line 361 in file RTE\Device\MKL03Z16xxx4\startup_MKL03Z4.s
   Uses
      At line 98 in file RTE\Device\MKL03Z16xxx4\startup_MKL03Z4.s
      At line 327 in file RTE\Device\MKL03Z16xxx4\startup_MKL03Z4.s

Reserved25_IRQHandler 00000018

Symbol: Reserved25_IRQHandler
   Definitions
      At line 366 in file RTE\Device\MKL03Z16xxx4\startup_MKL03Z4.s
   Uses
      At line 103 in file RTE\Device\MKL03Z16xxx4\startup_MKL03Z4.s
      At line 332 in file RTE\Device\MKL03Z16xxx4\startup_MKL03Z4.s

Reserved27_IRQHandler 00000018

Symbol: Reserved27_IRQHandler
   Definitions
      At line 368 in file RTE\Device\MKL03Z16xxx4\startup_MKL03Z4.s
   Uses
      At line 105 in file RTE\Device\MKL03Z16xxx4\startup_MKL03Z4.s
      At line 334 in file RTE\Device\MKL03Z16xxx4\startup_MKL03Z4.s

Reserved29_IRQHandler 00000018

Symbol: Reserved29_IRQHandler
   Definitions
      At line 370 in file RTE\Device\MKL03Z16xxx4\startup_MKL03Z4.s
   Uses
      At line 107 in file RTE\Device\MKL03Z16xxx4\startup_MKL03Z4.s
      At line 336 in file RTE\Device\MKL03Z16xxx4\startup_MKL03Z4.s

Reserved30_IRQHandler 00000018

Symbol: Reserved30_IRQHandler
   Definitions
      At line 371 in file RTE\Device\MKL03Z16xxx4\startup_MKL03Z4.s



ARM Macro Assembler    Page 5 Alphabetic symbol ordering
Relocatable symbols

   Uses
      At line 108 in file RTE\Device\MKL03Z16xxx4\startup_MKL03Z4.s
      At line 337 in file RTE\Device\MKL03Z16xxx4\startup_MKL03Z4.s

Reserved35_IRQHandler 00000018

Symbol: Reserved35_IRQHandler
   Definitions
      At line 376 in file RTE\Device\MKL03Z16xxx4\startup_MKL03Z4.s
   Uses
      At line 113 in file RTE\Device\MKL03Z16xxx4\startup_MKL03Z4.s
      At line 342 in file RTE\Device\MKL03Z16xxx4\startup_MKL03Z4.s

Reserved38_IRQHandler 00000018

Symbol: Reserved38_IRQHandler
   Definitions
      At line 379 in file RTE\Device\MKL03Z16xxx4\startup_MKL03Z4.s
   Uses
      At line 116 in file RTE\Device\MKL03Z16xxx4\startup_MKL03Z4.s
      At line 345 in file RTE\Device\MKL03Z16xxx4\startup_MKL03Z4.s

Reserved39_IRQHandler 00000018

Symbol: Reserved39_IRQHandler
   Definitions
      At line 380 in file RTE\Device\MKL03Z16xxx4\startup_MKL03Z4.s
   Uses
      At line 117 in file RTE\Device\MKL03Z16xxx4\startup_MKL03Z4.s
      At line 346 in file RTE\Device\MKL03Z16xxx4\startup_MKL03Z4.s

Reserved40_IRQHandler 00000018

Symbol: Reserved40_IRQHandler
   Definitions
      At line 381 in file RTE\Device\MKL03Z16xxx4\startup_MKL03Z4.s
   Uses
      At line 118 in file RTE\Device\MKL03Z16xxx4\startup_MKL03Z4.s
      At line 347 in file RTE\Device\MKL03Z16xxx4\startup_MKL03Z4.s

Reserved41_IRQHandler 00000018

Symbol: Reserved41_IRQHandler
   Definitions
      At line 382 in file RTE\Device\MKL03Z16xxx4\startup_MKL03Z4.s
   Uses
      At line 119 in file RTE\Device\MKL03Z16xxx4\startup_MKL03Z4.s
      At line 348 in file RTE\Device\MKL03Z16xxx4\startup_MKL03Z4.s

Reserved42_IRQHandler 00000018

Symbol: Reserved42_IRQHandler
   Definitions
      At line 383 in file RTE\Device\MKL03Z16xxx4\startup_MKL03Z4.s
   Uses
      At line 120 in file RTE\Device\MKL03Z16xxx4\startup_MKL03Z4.s
      At line 349 in file RTE\Device\MKL03Z16xxx4\startup_MKL03Z4.s

Reserved43_IRQHandler 00000018



ARM Macro Assembler    Page 6 Alphabetic symbol ordering
Relocatable symbols


Symbol: Reserved43_IRQHandler
   Definitions
      At line 384 in file RTE\Device\MKL03Z16xxx4\startup_MKL03Z4.s
   Uses
      At line 121 in file RTE\Device\MKL03Z16xxx4\startup_MKL03Z4.s
      At line 350 in file RTE\Device\MKL03Z16xxx4\startup_MKL03Z4.s

Reserved45_IRQHandler 00000018

Symbol: Reserved45_IRQHandler
   Definitions
      At line 386 in file RTE\Device\MKL03Z16xxx4\startup_MKL03Z4.s
   Uses
      At line 123 in file RTE\Device\MKL03Z16xxx4\startup_MKL03Z4.s
      At line 352 in file RTE\Device\MKL03Z16xxx4\startup_MKL03Z4.s

Reset_Handler 00000002

Symbol: Reset_Handler
   Definitions
      At line 285 in file RTE\Device\MKL03Z16xxx4\startup_MKL03Z4.s
   Uses
      At line 77 in file RTE\Device\MKL03Z16xxx4\startup_MKL03Z4.s
      At line 286 in file RTE\Device\MKL03Z16xxx4\startup_MKL03Z4.s

SPI0_IRQHandler 00000018

Symbol: SPI0_IRQHandler
   Definitions
      At line 367 in file RTE\Device\MKL03Z16xxx4\startup_MKL03Z4.s
   Uses
      At line 104 in file RTE\Device\MKL03Z16xxx4\startup_MKL03Z4.s
      At line 333 in file RTE\Device\MKL03Z16xxx4\startup_MKL03Z4.s

SVC_Handler 00000012

Symbol: SVC_Handler
   Definitions
      At line 309 in file RTE\Device\MKL03Z16xxx4\startup_MKL03Z4.s
   Uses
      At line 87 in file RTE\Device\MKL03Z16xxx4\startup_MKL03Z4.s
      At line 310 in file RTE\Device\MKL03Z16xxx4\startup_MKL03Z4.s

SysTick_Handler 00000016

Symbol: SysTick_Handler
   Definitions
      At line 317 in file RTE\Device\MKL03Z16xxx4\startup_MKL03Z4.s
   Uses
      At line 91 in file RTE\Device\MKL03Z16xxx4\startup_MKL03Z4.s
      At line 318 in file RTE\Device\MKL03Z16xxx4\startup_MKL03Z4.s

TPM0_IRQHandler 00000018

Symbol: TPM0_IRQHandler
   Definitions
      At line 374 in file RTE\Device\MKL03Z16xxx4\startup_MKL03Z4.s
   Uses



ARM Macro Assembler    Page 7 Alphabetic symbol ordering
Relocatable symbols

      At line 111 in file RTE\Device\MKL03Z16xxx4\startup_MKL03Z4.s
      At line 340 in file RTE\Device\MKL03Z16xxx4\startup_MKL03Z4.s

TPM1_IRQHandler 00000018

Symbol: TPM1_IRQHandler
   Definitions
      At line 375 in file RTE\Device\MKL03Z16xxx4\startup_MKL03Z4.s
   Uses
      At line 112 in file RTE\Device\MKL03Z16xxx4\startup_MKL03Z4.s
      At line 341 in file RTE\Device\MKL03Z16xxx4\startup_MKL03Z4.s

__user_initial_stackheap 0000001C

Symbol: __user_initial_stackheap
   Definitions
      At line 411 in file RTE\Device\MKL03Z16xxx4\startup_MKL03Z4.s
   Uses
      At line 410 in file RTE\Device\MKL03Z16xxx4\startup_MKL03Z4.s
Comment: __user_initial_stackheap used once
init_data_bss 00000000

Symbol: init_data_bss
   Definitions
      At line 278 in file RTE\Device\MKL03Z16xxx4\startup_MKL03Z4.s
   Uses
      At line 279 in file RTE\Device\MKL03Z16xxx4\startup_MKL03Z4.s
      At line 291 in file RTE\Device\MKL03Z16xxx4\startup_MKL03Z4.s

43 symbols



ARM Macro Assembler    Page 1 Alphabetic symbol ordering
Absolute symbols

BackDoorK0 000000FF

Symbol: BackDoorK0
   Definitions
      At line 142 in file RTE\Device\MKL03Z16xxx4\startup_MKL03Z4.s
   Uses
      At line 266 in file RTE\Device\MKL03Z16xxx4\startup_MKL03Z4.s
Comment: BackDoorK0 used once
BackDoorK1 000000FF

Symbol: BackDoorK1
   Definitions
      At line 143 in file RTE\Device\MKL03Z16xxx4\startup_MKL03Z4.s
   Uses
      At line 266 in file RTE\Device\MKL03Z16xxx4\startup_MKL03Z4.s
Comment: BackDoorK1 used once
BackDoorK2 000000FF

Symbol: BackDoorK2
   Definitions
      At line 144 in file RTE\Device\MKL03Z16xxx4\startup_MKL03Z4.s
   Uses
      At line 266 in file RTE\Device\MKL03Z16xxx4\startup_MKL03Z4.s
Comment: BackDoorK2 used once
BackDoorK3 000000FF

Symbol: BackDoorK3
   Definitions
      At line 145 in file RTE\Device\MKL03Z16xxx4\startup_MKL03Z4.s
   Uses
      At line 266 in file RTE\Device\MKL03Z16xxx4\startup_MKL03Z4.s
Comment: BackDoorK3 used once
BackDoorK4 000000FF

Symbol: BackDoorK4
   Definitions
      At line 146 in file RTE\Device\MKL03Z16xxx4\startup_MKL03Z4.s
   Uses
      At line 267 in file RTE\Device\MKL03Z16xxx4\startup_MKL03Z4.s
Comment: BackDoorK4 used once
BackDoorK5 000000FF

Symbol: BackDoorK5
   Definitions
      At line 147 in file RTE\Device\MKL03Z16xxx4\startup_MKL03Z4.s
   Uses
      At line 267 in file RTE\Device\MKL03Z16xxx4\startup_MKL03Z4.s
Comment: BackDoorK5 used once
BackDoorK6 000000FF

Symbol: BackDoorK6
   Definitions
      At line 148 in file RTE\Device\MKL03Z16xxx4\startup_MKL03Z4.s
   Uses
      At line 267 in file RTE\Device\MKL03Z16xxx4\startup_MKL03Z4.s
Comment: BackDoorK6 used once
BackDoorK7 000000FF

Symbol: BackDoorK7



ARM Macro Assembler    Page 2 Alphabetic symbol ordering
Absolute symbols

   Definitions
      At line 149 in file RTE\Device\MKL03Z16xxx4\startup_MKL03Z4.s
   Uses
      At line 267 in file RTE\Device\MKL03Z16xxx4\startup_MKL03Z4.s
Comment: BackDoorK7 used once
FOPT 0000003D

Symbol: FOPT
   Definitions
      At line 236 in file RTE\Device\MKL03Z16xxx4\startup_MKL03Z4.s
   Uses
      At line 269 in file RTE\Device\MKL03Z16xxx4\startup_MKL03Z4.s
Comment: FOPT used once
FPROT0 000000FF

Symbol: FPROT0
   Definitions
      At line 166 in file RTE\Device\MKL03Z16xxx4\startup_MKL03Z4.s
   Uses
      At line 268 in file RTE\Device\MKL03Z16xxx4\startup_MKL03Z4.s
Comment: FPROT0 used once
FPROT1 000000FF

Symbol: FPROT1
   Definitions
      At line 180 in file RTE\Device\MKL03Z16xxx4\startup_MKL03Z4.s
   Uses
      At line 268 in file RTE\Device\MKL03Z16xxx4\startup_MKL03Z4.s
Comment: FPROT1 used once
FPROT2 000000FF

Symbol: FPROT2
   Definitions
      At line 194 in file RTE\Device\MKL03Z16xxx4\startup_MKL03Z4.s
   Uses
      At line 268 in file RTE\Device\MKL03Z16xxx4\startup_MKL03Z4.s
Comment: FPROT2 used once
FPROT3 000000FF

Symbol: FPROT3
   Definitions
      At line 208 in file RTE\Device\MKL03Z16xxx4\startup_MKL03Z4.s
   Uses
      At line 268 in file RTE\Device\MKL03Z16xxx4\startup_MKL03Z4.s
Comment: FPROT3 used once
FSEC 000000FE

Symbol: FSEC
   Definitions
      At line 261 in file RTE\Device\MKL03Z16xxx4\startup_MKL03Z4.s
   Uses
      At line 269 in file RTE\Device\MKL03Z16xxx4\startup_MKL03Z4.s
Comment: FSEC used once
Heap_Size 00000000

Symbol: Heap_Size
   Definitions
      At line 57 in file RTE\Device\MKL03Z16xxx4\startup_MKL03Z4.s
   Uses



ARM Macro Assembler    Page 3 Alphabetic symbol ordering
Absolute symbols

      At line 61 in file RTE\Device\MKL03Z16xxx4\startup_MKL03Z4.s
      At line 415 in file RTE\Device\MKL03Z16xxx4\startup_MKL03Z4.s

Stack_Size 00000100

Symbol: Stack_Size
   Definitions
      At line 46 in file RTE\Device\MKL03Z16xxx4\startup_MKL03Z4.s
   Uses
      At line 49 in file RTE\Device\MKL03Z16xxx4\startup_MKL03Z4.s
      At line 414 in file RTE\Device\MKL03Z16xxx4\startup_MKL03Z4.s

__Vectors_Size 000000C0

Symbol: __Vectors_Size
   Definitions
      At line 128 in file RTE\Device\MKL03Z16xxx4\startup_MKL03Z4.s
   Uses
      At line 74 in file RTE\Device\MKL03Z16xxx4\startup_MKL03Z4.s
Comment: __Vectors_Size used once
nFPROT0 00000000

Symbol: nFPROT0
   Definitions
      At line 165 in file RTE\Device\MKL03Z16xxx4\startup_MKL03Z4.s
   Uses
      At line 166 in file RTE\Device\MKL03Z16xxx4\startup_MKL03Z4.s
Comment: nFPROT0 used once
nFPROT1 00000000

Symbol: nFPROT1
   Definitions
      At line 179 in file RTE\Device\MKL03Z16xxx4\startup_MKL03Z4.s
   Uses
      At line 180 in file RTE\Device\MKL03Z16xxx4\startup_MKL03Z4.s
Comment: nFPROT1 used once
nFPROT2 00000000

Symbol: nFPROT2
   Definitions
      At line 193 in file RTE\Device\MKL03Z16xxx4\startup_MKL03Z4.s
   Uses
      At line 194 in file RTE\Device\MKL03Z16xxx4\startup_MKL03Z4.s
Comment: nFPROT2 used once
nFPROT3 00000000

Symbol: nFPROT3
   Definitions
      At line 207 in file RTE\Device\MKL03Z16xxx4\startup_MKL03Z4.s
   Uses
      At line 208 in file RTE\Device\MKL03Z16xxx4\startup_MKL03Z4.s
Comment: nFPROT3 used once
21 symbols



ARM Macro Assembler    Page 1 Alphabetic symbol ordering
External symbols

SystemInit 00000000

Symbol: SystemInit
   Definitions
      At line 287 in file RTE\Device\MKL03Z16xxx4\startup_MKL03Z4.s
   Uses
      At line 289 in file RTE\Device\MKL03Z16xxx4\startup_MKL03Z4.s
Comment: SystemInit used once
__main 00000000

Symbol: __main
   Definitions
      At line 288 in file RTE\Device\MKL03Z16xxx4\startup_MKL03Z4.s
   Uses
      At line 293 in file RTE\Device\MKL03Z16xxx4\startup_MKL03Z4.s
Comment: __main used once
__use_two_region_memory 00000000

Symbol: __use_two_region_memory
   Definitions
      At line 409 in file RTE\Device\MKL03Z16xxx4\startup_MKL03Z4.s
   Uses
      None
Comment: __use_two_region_memory unused
3 symbols
418 symbols in table
