Build target 'MKL05Z32xxx4'
compiling Cpu.c...
Generated_Code\IO_Map.h(66): error:  #5: cannot open source input file "MKL05Z4.h": No such file or directory
  #include "MKL05Z4.h"
Generated_Code\Cpu.c: 0 warnings, 1 error
compiling Events.c...
.\Generated_Code\IO_Map.h(66): error:  #5: cannot open source input file "MKL05Z4.h": No such file or directory
  #include "MKL05Z4.h"
Sources\Events.c: 0 warnings, 1 error
compiling PE_LDD.c...
Generated_Code\IO_Map.h(66): error:  #5: cannot open source input file "MKL05Z4.h": No such file or directory
  #include "MKL05Z4.h"
Generated_Code\PE_LDD.c: 0 warnings, 1 error
compiling Vectors.c...
Generated_Code\IO_Map.h(66): error:  #5: cannot open source input file "MKL05Z4.h": No such file or directory
  #include "MKL05Z4.h"
Generated_Code\Vectors.c: 0 warnings, 1 error
compiling main.c...
.\Generated_Code\IO_Map.h(66): error:  #5: cannot open source input file "MKL05Z4.h": No such file or directory
  #include "MKL05Z4.h"
Sources\main.c: 0 warnings, 1 error
compiling startup_ARM_CC.c...
compiling BitIoLdd1.c...
Generated_Code\IO_Map.h(66): error:  #5: cannot open source input file "MKL05Z4.h": No such file or directory
  #include "MKL05Z4.h"
Generated_Code\BitIoLdd1.c: 0 warnings, 1 error
compiling LED1.c...
Generated_Code\IO_Map.h(66): error:  #5: cannot open source input file "MKL05Z4.h": No such file or directory
  #include "MKL05Z4.h"
Generated_Code\LED1.c: 0 warnings, 1 error
compiling LEDpin1.c...
Generated_Code\IO_Map.h(66): error:  #5: cannot open source input file "MKL05Z4.h": No such file or directory
  #include "MKL05Z4.h"
Generated_Code\LEDpin1.c: 0 warnings, 1 error
compiling WAIT1.c...
Generated_Code\IO_Map.h(66): error:  #5: cannot open source input file "MKL05Z4.h": No such file or directory
  #include "MKL05Z4.h"
Generated_Code\WAIT1.c: 0 warnings, 1 error
compiling DA1.c...
Generated_Code\IO_Map.h(66): error:  #5: cannot open source input file "MKL05Z4.h": No such file or directory
  #include "MKL05Z4.h"
Generated_Code\DA1.c: 0 warnings, 1 error
compiling CS1.c...
Generated_Code\IO_Map.h(66): error:  #5: cannot open source input file "MKL05Z4.h": No such file or directory
  #include "MKL05Z4.h"
Generated_Code\CS1.c: 0 warnings, 1 error
compiling TI1.c...
.\Generated_Code\IO_Map.h(66): error:  #5: cannot open source input file "MKL05Z4.h": No such file or directory
  #include "MKL05Z4.h"
Generated_Code\TI1.c: 0 warnings, 1 error
compiling TU1.c...
Generated_Code\IO_Map.h(66): error:  #5: cannot open source input file "MKL05Z4.h": No such file or directory
  #include "MKL05Z4.h"
Generated_Code\TU1.c: 0 warnings, 1 error
compiling ax25.c...
Generated_Code\IO_Map.h(66): error:  #5: cannot open source input file "MKL05Z4.h": No such file or directory
  #include "MKL05Z4.h"
Generated_Code\ax25.c: 0 warnings, 1 error
".\UVBuild\kl05test.axf" - 14 Error(s), 0 Warning(s).
Target not created.
