


ARM Macro Assembler    Page 1 


    1 00000000         ; * ----------------------------------------------------
                       -----------------------------------
    2 00000000         ; *  @file:    startup_MKL26Z4.s
    3 00000000         ; *  @purpose: CMSIS Cortex-M0P Core Device Startup File
                       
    4 00000000         ; *            MKL26Z4
    5 00000000         ; *  @version: 1.7
    6 00000000         ; *  @date:    2015-2-18
    7 00000000         ; *  @build:   b150218
    8 00000000         ; * ----------------------------------------------------
                       -----------------------------------
    9 00000000         ; *
   10 00000000         ; * Copyright (c) 1997 - 2015 , Freescale Semiconductor,
                        Inc.
   11 00000000         ; * All rights reserved.
   12 00000000         ; *
   13 00000000         ; * Redistribution and use in source and binary forms, w
                       ith or without modification,
   14 00000000         ; * are permitted provided that the following conditions
                        are met:
   15 00000000         ; *
   16 00000000         ; * o Redistributions of source code must retain the abo
                       ve copyright notice, this list
   17 00000000         ; *   of conditions and the following disclaimer.
   18 00000000         ; *
   19 00000000         ; * o Redistributions in binary form must reproduce the 
                       above copyright notice, this
   20 00000000         ; *   list of conditions and the following disclaimer in
                        the documentation and/or
   21 00000000         ; *   other materials provided with the distribution.
   22 00000000         ; *
   23 00000000         ; * o Neither the name of Freescale Semiconductor, Inc. 
                       nor the names of its
   24 00000000         ; *   contributors may be used to endorse or promote pro
                       ducts derived from this
   25 00000000         ; *   software without specific prior written permission
                       .
   26 00000000         ; *
   27 00000000         ; * THIS SOFTWARE IS PROVIDED BY THE COPYRIGHT HOLDERS A
                       ND CONTRIBUTORS "AS IS" AND
   28 00000000         ; * ANY EXPRESS OR IMPLIED WARRANTIES, INCLUDING, BUT NO
                       T LIMITED TO, THE IMPLIED
   29 00000000         ; * WARRANTIES OF MERCHANTABILITY AND FITNESS FOR A PART
                       ICULAR PURPOSE ARE
   30 00000000         ; * DISCLAIMED. IN NO EVENT SHALL THE COPYRIGHT HOLDER O
                       R CONTRIBUTORS BE LIABLE FOR
   31 00000000         ; * ANY DIRECT, INDIRECT, INCIDENTAL, SPECIAL, EXEMPLARY
                       , OR CONSEQUENTIAL DAMAGES
   32 00000000         ; * (INCLUDING, BUT NOT LIMITED TO, PROCUREMENT OF SUBST
                       ITUTE GOODS OR SERVICES;
   33 00000000         ; * LOSS OF USE, DATA, OR PROFITS; OR BUSINESS INTERRUPT
                       ION) HOWEVER CAUSED AND ON
   34 00000000         ; * ANY THEORY OF LIABILITY, WHETHER IN CONTRACT, STRICT
                        LIABILITY, OR TORT
   35 00000000         ; * (INCLUDING NEGLIGENCE OR OTHERWISE) ARISING IN ANY W
                       AY OUT OF THE USE OF THIS
   36 00000000         ; * SOFTWARE, EVEN IF ADVISED OF THE POSSIBILITY OF SUCH
                        DAMAGE.
   37 00000000         ; *



ARM Macro Assembler    Page 2 


   38 00000000         ; *------- <<< Use Configuration Wizard in Context Menu 
                       >>> ------------------
   39 00000000         ; *
   40 00000000         ; ******************************************************
                       ***********************/
   41 00000000         
   42 00000000         
   43 00000000                 PRESERVE8
   44 00000000                 THUMB
   45 00000000         
   46 00000000         
   47 00000000         ; Vector Table Mapped to Address 0 at Reset
   48 00000000         
   49 00000000                 AREA             RESET, DATA, READONLY
   50 00000000                 EXPORT           __Vectors
   51 00000000                 EXPORT           __Vectors_End
   52 00000000                 EXPORT           __Vectors_Size
   53 00000000                 IMPORT           |Image$$ARM_LIB_STACK$$ZI$$Limi
t|
   54 00000000         
   55 00000000 00000000 
                       __Vectors
                               DCD              |Image$$ARM_LIB_STACK$$ZI$$Limi
t| 
                                                            ; Top of Stack
   56 00000004 00000000        DCD              Reset_Handler ; Reset Handler
   57 00000008 00000000        DCD              NMI_Handler ;NMI Handler
   58 0000000C 00000000        DCD              HardFault_Handler 
                                                            ;Hard Fault Handler
                                                            
   59 00000010 00000000        DCD              0           ;Reserved
   60 00000014 00000000        DCD              0           ;Reserved
   61 00000018 00000000        DCD              0           ;Reserved
   62 0000001C 00000000        DCD              0           ;Reserved
   63 00000020 00000000        DCD              0           ;Reserved
   64 00000024 00000000        DCD              0           ;Reserved
   65 00000028 00000000        DCD              0           ;Reserved
   66 0000002C 00000000        DCD              SVC_Handler ;SVCall Handler
   67 00000030 00000000        DCD              0           ;Reserved
   68 00000034 00000000        DCD              0           ;Reserved
   69 00000038 00000000        DCD              PendSV_Handler ;PendSV Handler
   70 0000003C 00000000        DCD              SysTick_Handler 
                                                            ;SysTick Handler
   71 00000040         
   72 00000040         ;External Interrupts
   73 00000040 00000000        DCD              DMA0_IRQHandler ;DMA channel 0 
                                                            transfer complete a
                                                            nd error interrupt
   74 00000044 00000000        DCD              DMA1_IRQHandler ;DMA channel 1 
                                                            transfer complete a
                                                            nd error interrupt
   75 00000048 00000000        DCD              DMA2_IRQHandler ;DMA channel 2 
                                                            transfer complete a
                                                            nd error interrupt
   76 0000004C 00000000        DCD              DMA3_IRQHandler ;DMA channel 3 
                                                            transfer complete a
                                                            nd error interrupt
   77 00000050 00000000        DCD              Reserved20_IRQHandler 
                                                            ;Reserved interrupt



ARM Macro Assembler    Page 3 


                                                            
   78 00000054 00000000        DCD              FTFA_IRQHandler ;FTFA command c
                                                            omplete and read co
                                                            llision
   79 00000058 00000000        DCD              LVD_LVW_IRQHandler ;Low-voltage
                                                             detect, low-voltag
                                                            e warning
   80 0000005C 00000000        DCD              LLWU_IRQHandler 
                                                            ;Low Leakage Wakeup
                                                            
   81 00000060 00000000        DCD              I2C0_IRQHandler ;I2C0 interrupt
                                                            
   82 00000064 00000000        DCD              I2C1_IRQHandler ;I2C1 interrupt
                                                            
   83 00000068 00000000        DCD              SPI0_IRQHandler ;SPI0 single in
                                                            terrupt vector for 
                                                            all sources
   84 0000006C 00000000        DCD              SPI1_IRQHandler ;SPI1 single in
                                                            terrupt vector for 
                                                            all sources
   85 00000070 00000000        DCD              UART0_IRQHandler ;UART0 status 
                                                            and error
   86 00000074 00000000        DCD              UART1_IRQHandler ;UART1 status 
                                                            and error
   87 00000078 00000000        DCD              UART2_IRQHandler ;UART2 status 
                                                            and error
   88 0000007C 00000000        DCD              ADC0_IRQHandler ;ADC0 interrupt
                                                            
   89 00000080 00000000        DCD              CMP0_IRQHandler ;CMP0 interrupt
                                                            
   90 00000084 00000000        DCD              TPM0_IRQHandler ;TPM0 single in
                                                            terrupt vector for 
                                                            all sources
   91 00000088 00000000        DCD              TPM1_IRQHandler ;TPM1 single in
                                                            terrupt vector for 
                                                            all sources
   92 0000008C 00000000        DCD              TPM2_IRQHandler ;TPM2 single in
                                                            terrupt vector for 
                                                            all sources
   93 00000090 00000000        DCD              RTC_IRQHandler ;RTC alarm inter
                                                            rupt
   94 00000094 00000000        DCD              RTC_Seconds_IRQHandler ;RTC sec
                                                            onds interrupt
   95 00000098 00000000        DCD              PIT_IRQHandler ;PIT single inte
                                                            rrupt vector for al
                                                            l channels
   96 0000009C 00000000        DCD              I2S0_IRQHandler ;I2S0 Single in
                                                            terrupt vector for 
                                                            all sources
   97 000000A0 00000000        DCD              USB0_IRQHandler ;USB0 OTG
   98 000000A4 00000000        DCD              DAC0_IRQHandler ;DAC0 interrupt
                                                            
   99 000000A8 00000000        DCD              TSI0_IRQHandler ;TSI0 interrupt
                                                            
  100 000000AC 00000000        DCD              MCG_IRQHandler ;MCG interrupt
  101 000000B0 00000000        DCD              LPTMR0_IRQHandler 
                                                            ;LPTMR0 interrupt
  102 000000B4 00000000        DCD              Reserved45_IRQHandler 
                                                            ;Reserved interrupt



ARM Macro Assembler    Page 4 


                                                            
  103 000000B8 00000000        DCD              PORTA_IRQHandler 
                                                            ;PORTA pin detect
  104 000000BC 00000000        DCD              PORTC_PORTD_IRQHandler ;Single 
                                                            interrupt vector fo
                                                            r PORTC and PORTD p
                                                            in detect
  105 000000C0         __Vectors_End
  106 000000C0         
  107 000000C0 000000C0 
                       __Vectors_Size
                               EQU              __Vectors_End - __Vectors
  108 000000C0         
  109 000000C0         ; <h> Flash Configuration
  110 000000C0         ;   <i> 16-byte flash configuration field that stores de
                       fault protection settings (loaded on reset)
  111 000000C0         ;   <i> and security information that allows the MCU to 
                       restrict access to the FTFL module.
  112 000000C0         ;   <h> Backdoor Comparison Key
  113 000000C0         ;     <o0>  Backdoor Comparison Key 0.  <0x0-0xFF:2>
  114 000000C0         ;     <o1>  Backdoor Comparison Key 1.  <0x0-0xFF:2>
  115 000000C0         ;     <o2>  Backdoor Comparison Key 2.  <0x0-0xFF:2>
  116 000000C0         ;     <o3>  Backdoor Comparison Key 3.  <0x0-0xFF:2>
  117 000000C0         ;     <o4>  Backdoor Comparison Key 4.  <0x0-0xFF:2>
  118 000000C0         ;     <o5>  Backdoor Comparison Key 5.  <0x0-0xFF:2>
  119 000000C0         ;     <o6>  Backdoor Comparison Key 6.  <0x0-0xFF:2>
  120 000000C0         ;     <o7>  Backdoor Comparison Key 7.  <0x0-0xFF:2>
  121 000000C0 000000FF 
                       BackDoorK0
                               EQU              0xFF
  122 000000C0 000000FF 
                       BackDoorK1
                               EQU              0xFF
  123 000000C0 000000FF 
                       BackDoorK2
                               EQU              0xFF
  124 000000C0 000000FF 
                       BackDoorK3
                               EQU              0xFF
  125 000000C0 000000FF 
                       BackDoorK4
                               EQU              0xFF
  126 000000C0 000000FF 
                       BackDoorK5
                               EQU              0xFF
  127 000000C0 000000FF 
                       BackDoorK6
                               EQU              0xFF
  128 000000C0 000000FF 
                       BackDoorK7
                               EQU              0xFF
  129 000000C0         ;   </h>
  130 000000C0         ;   <h> Program flash protection bytes (FPROT)
  131 000000C0         ;     <i> Each program flash region can be protected fro
                       m program and erase operation by setting the associated 
                       PROT bit.
  132 000000C0         ;     <i> Each bit protects a 1/32 region of the program
                        flash memory.
  133 000000C0         ;     <h> FPROT0



ARM Macro Assembler    Page 5 


  134 000000C0         ;       <i> Program Flash Region Protect Register 0
  135 000000C0         ;       <i> 1/32 - 8/32 region
  136 000000C0         ;       <o.0>   FPROT0.0
  137 000000C0         ;       <o.1>   FPROT0.1
  138 000000C0         ;       <o.2>   FPROT0.2
  139 000000C0         ;       <o.3>   FPROT0.3
  140 000000C0         ;       <o.4>   FPROT0.4
  141 000000C0         ;       <o.5>   FPROT0.5
  142 000000C0         ;       <o.6>   FPROT0.6
  143 000000C0         ;       <o.7>   FPROT0.7
  144 000000C0 00000000 
                       nFPROT0 EQU              0x00
  145 000000C0 000000FF 
                       FPROT0  EQU              nFPROT0:EOR:0xFF
  146 000000C0         ;     </h>
  147 000000C0         ;     <h> FPROT1
  148 000000C0         ;       <i> Program Flash Region Protect Register 1
  149 000000C0         ;       <i> 9/32 - 16/32 region
  150 000000C0         ;       <o.0>   FPROT1.0
  151 000000C0         ;       <o.1>   FPROT1.1
  152 000000C0         ;       <o.2>   FPROT1.2
  153 000000C0         ;       <o.3>   FPROT1.3
  154 000000C0         ;       <o.4>   FPROT1.4
  155 000000C0         ;       <o.5>   FPROT1.5
  156 000000C0         ;       <o.6>   FPROT1.6
  157 000000C0         ;       <o.7>   FPROT1.7
  158 000000C0 00000000 
                       nFPROT1 EQU              0x00
  159 000000C0 000000FF 
                       FPROT1  EQU              nFPROT1:EOR:0xFF
  160 000000C0         ;     </h>
  161 000000C0         ;     <h> FPROT2
  162 000000C0         ;       <i> Program Flash Region Protect Register 2
  163 000000C0         ;       <i> 17/32 - 24/32 region
  164 000000C0         ;       <o.0>   FPROT2.0
  165 000000C0         ;       <o.1>   FPROT2.1
  166 000000C0         ;       <o.2>   FPROT2.2
  167 000000C0         ;       <o.3>   FPROT2.3
  168 000000C0         ;       <o.4>   FPROT2.4
  169 000000C0         ;       <o.5>   FPROT2.5
  170 000000C0         ;       <o.6>   FPROT2.6
  171 000000C0         ;       <o.7>   FPROT2.7
  172 000000C0 00000000 
                       nFPROT2 EQU              0x00
  173 000000C0 000000FF 
                       FPROT2  EQU              nFPROT2:EOR:0xFF
  174 000000C0         ;     </h>
  175 000000C0         ;     <h> FPROT3
  176 000000C0         ;       <i> Program Flash Region Protect Register 3
  177 000000C0         ;       <i> 25/32 - 32/32 region
  178 000000C0         ;       <o.0>   FPROT3.0
  179 000000C0         ;       <o.1>   FPROT3.1
  180 000000C0         ;       <o.2>   FPROT3.2
  181 000000C0         ;       <o.3>   FPROT3.3
  182 000000C0         ;       <o.4>   FPROT3.4
  183 000000C0         ;       <o.5>   FPROT3.5
  184 000000C0         ;       <o.6>   FPROT3.6
  185 000000C0         ;       <o.7>   FPROT3.7
  186 000000C0 00000000 



ARM Macro Assembler    Page 6 


                       nFPROT3 EQU              0x00
  187 000000C0 000000FF 
                       FPROT3  EQU              nFPROT3:EOR:0xFF
  188 000000C0         ;     </h>
  189 000000C0         ;   </h>
  190 000000C0         ;   <h> Flash nonvolatile option byte (FOPT)
  191 000000C0         ;     <i> Allows the user to customize the operation of 
                       the MCU at boot time.
  192 000000C0         ;     <o.0> LPBOOT0
  193 000000C0         ;       <0=> Core and system clock divider (OUTDIV1) is 
                       0x7 (divide by 8) when LPBOOT1=0 or 0x1 (divide by 2) wh
                       en LPBOOT1=1.
  194 000000C0         ;       <1=> Core and system clock divider (OUTDIV1) is 
                       0x3 (divide by 4) when LPBOOT1=0 or 0x0 (divide by 1) wh
                       en LPBOOT1=1.
  195 000000C0         ;     <o.2> NMI_DIS
  196 000000C0         ;       <0=> NMI interrupts are always blocked
  197 000000C0         ;       <1=> NMI_b pin/interrupts reset default to enabl
                       ed
  198 000000C0         ;     <o.3> RESET_PIN_CFG
  199 000000C0         ;       <0=> RESET pin is disabled following a POR and c
                       annot be enabled as reset function
  200 000000C0         ;       <1=> RESET_b pin is dedicated
  201 000000C0         ;     <o.4> LPBOOT1
  202 000000C0         ;       <0=> Core and system clock divider (OUTDIV1) is 
                       0x7 (divide by 8) when LPBOOT0=0 or 0x3 (divide by 4) wh
                       en LPBOOT0=1.
  203 000000C0         ;       <1=> Core and system clock divider (OUTDIV1) is 
                       0x1 (divide by 2) when LPBOOT0=0 or 0x0 (divide by 1) wh
                       en LPBOOT0=1.
  204 000000C0         ;     <o.5> FAST_INIT
  205 000000C0         ;       <0=> Slower initialization
  206 000000C0         ;       <1=> Fast Initialization
  207 000000C0 000000FF 
                       FOPT    EQU              0xFF
  208 000000C0         ;   </h>
  209 000000C0         ;   <h> Flash security byte (FSEC)
  210 000000C0         ;     <i> WARNING: If SEC field is configured as "MCU se
                       curity status is secure" and MEEN field is configured as
                        "Mass erase is disabled",
  211 000000C0         ;     <i> MCU's security status cannot be set back to un
                       secure state since Mass erase via the debugger is blocke
                       d !!!
  212 000000C0         ;     <o.0..1> SEC
  213 000000C0         ;       <2=> MCU security status is unsecure
  214 000000C0         ;       <3=> MCU security status is secure
  215 000000C0         ;         <i> Flash Security
  216 000000C0         ;     <o.2..3> FSLACC
  217 000000C0         ;       <2=> Freescale factory access denied
  218 000000C0         ;       <3=> Freescale factory access granted
  219 000000C0         ;         <i> Freescale Failure Analysis Access Code
  220 000000C0         ;     <o.4..5> MEEN
  221 000000C0         ;       <2=> Mass erase is disabled
  222 000000C0         ;       <3=> Mass erase is enabled
  223 000000C0         ;     <o.6..7> KEYEN
  224 000000C0         ;       <2=> Backdoor key access enabled
  225 000000C0         ;       <3=> Backdoor key access disabled
  226 000000C0         ;         <i> Backdoor Key Security Enable
  227 000000C0 000000FE 



ARM Macro Assembler    Page 7 


                       FSEC    EQU              0xFE
  228 000000C0         ;   </h>
  229 000000C0         ; </h>
  230 000000C0                 IF               :LNOT::DEF:RAM_TARGET
  231 000000C0                 AREA             FlashConfig, DATA, READONLY
  232 00000000         __FlashConfig
  233 00000000 FF FF FF 
              FF               DCB              BackDoorK0, BackDoorK1, BackDoo
rK2, BackDoorK3
  234 00000004 FF FF FF 
              FF               DCB              BackDoorK4, BackDoorK5, BackDoo
rK6, BackDoorK7
  235 00000008 FF FF FF 
              FF               DCB              FPROT0    , FPROT1    , FPROT2 
   , FPROT3
  236 0000000C FE FF FF 
              FF               DCB              FSEC      , FOPT      , 0xFF   
   , 0xFF
  237 00000010                 ENDIF
  238 00000010         
  239 00000010         
  240 00000010                 AREA             |.text|, CODE, READONLY
  241 00000000         
  242 00000000         ; Reset Handler
  243 00000000         
  244 00000000         Reset_Handler
                               PROC
  245 00000000                 EXPORT           Reset_Handler             [WEAK
]
  246 00000000                 IMPORT           SystemInit
  247 00000000                 IMPORT           init_data_bss
  248 00000000                 IMPORT           __main
  249 00000000         
  250 00000000                 IF               :LNOT::DEF:RAM_TARGET
  251 00000000 4807            LDR              R0, =FlashConfig ; dummy read, 
                                                            workaround for flas
                                                            hConfig
  252 00000002                 ENDIF
  253 00000002         
  254 00000002 B672            CPSID            I           ; Mask interrupts
  255 00000004 4807            LDR              R0, =SystemInit
  256 00000006 4780            BLX              R0
  257 00000008 4807            LDR              R0, =init_data_bss
  258 0000000A 4780            BLX              R0
  259 0000000C B662            CPSIE            i           ; Unmask interrupts
                                                            
  260 0000000E 4807            LDR              R0, =__main
  261 00000010 4700            BX               R0
  262 00000012                 ENDP
  263 00000012         
  264 00000012         
  265 00000012         ; Dummy Exception Handlers (infinite loops which can be 
                       modified)
  267 00000012         NMI_Handler
                               PROC
  268 00000012                 EXPORT           NMI_Handler         [WEAK]
  269 00000012 E7FE            B                .
  270 00000014                 ENDP
  272 00000014         HardFault_Handler



ARM Macro Assembler    Page 8 


                               PROC
  273 00000014                 EXPORT           HardFault_Handler         [WEAK
]
  274 00000014 E7FE            B                .
  275 00000016                 ENDP
  277 00000016         SVC_Handler
                               PROC
  278 00000016                 EXPORT           SVC_Handler         [WEAK]
  279 00000016 E7FE            B                .
  280 00000018                 ENDP
  282 00000018         PendSV_Handler
                               PROC
  283 00000018                 EXPORT           PendSV_Handler         [WEAK]
  284 00000018 E7FE            B                .
  285 0000001A                 ENDP
  287 0000001A         SysTick_Handler
                               PROC
  288 0000001A                 EXPORT           SysTick_Handler         [WEAK]
  289 0000001A E7FE            B                .
  290 0000001C                 ENDP
  292 0000001C         Default_Handler
                               PROC
  293 0000001C                 EXPORT           DMA0_IRQHandler         [WEAK]
  294 0000001C                 EXPORT           DMA1_IRQHandler         [WEAK]
  295 0000001C                 EXPORT           DMA2_IRQHandler         [WEAK]
  296 0000001C                 EXPORT           DMA3_IRQHandler         [WEAK]
  297 0000001C                 EXPORT           Reserved20_IRQHandler         [
WEAK]
  298 0000001C                 EXPORT           FTFA_IRQHandler         [WEAK]
  299 0000001C                 EXPORT           LVD_LVW_IRQHandler         [WEA
K]
  300 0000001C                 EXPORT           LLWU_IRQHandler         [WEAK]
  301 0000001C                 EXPORT           I2C0_IRQHandler         [WEAK]
  302 0000001C                 EXPORT           I2C1_IRQHandler         [WEAK]
  303 0000001C                 EXPORT           SPI0_IRQHandler         [WEAK]
  304 0000001C                 EXPORT           SPI1_IRQHandler         [WEAK]
  305 0000001C                 EXPORT           UART0_IRQHandler         [WEAK]
  306 0000001C                 EXPORT           UART1_IRQHandler         [WEAK]
  307 0000001C                 EXPORT           UART2_IRQHandler         [WEAK]
  308 0000001C                 EXPORT           ADC0_IRQHandler         [WEAK]
  309 0000001C                 EXPORT           CMP0_IRQHandler         [WEAK]
  310 0000001C                 EXPORT           TPM0_IRQHandler         [WEAK]
  311 0000001C                 EXPORT           TPM1_IRQHandler         [WEAK]
  312 0000001C                 EXPORT           TPM2_IRQHandler         [WEAK]
  313 0000001C                 EXPORT           RTC_IRQHandler         [WEAK]
  314 0000001C                 EXPORT           RTC_Seconds_IRQHandler         
[WEAK]
  315 0000001C                 EXPORT           PIT_IRQHandler         [WEAK]
  316 0000001C                 EXPORT           I2S0_IRQHandler         [WEAK]
  317 0000001C                 EXPORT           USB0_IRQHandler         [WEAK]
  318 0000001C                 EXPORT           DAC0_IRQHandler         [WEAK]
  319 0000001C                 EXPORT           TSI0_IRQHandler         [WEAK]
  320 0000001C                 EXPORT           MCG_IRQHandler         [WEAK]
  321 0000001C                 EXPORT           LPTMR0_IRQHandler         [WEAK
]
  322 0000001C                 EXPORT           Reserved45_IRQHandler         [
WEAK]
  323 0000001C                 EXPORT           PORTA_IRQHandler         [WEAK]
  324 0000001C                 EXPORT           PORTC_PORTD_IRQHandler         



ARM Macro Assembler    Page 9 


[WEAK]
  325 0000001C                 EXPORT           DefaultISR         [WEAK]
  326 0000001C         DMA0_IRQHandler
  327 0000001C         DMA1_IRQHandler
  328 0000001C         DMA2_IRQHandler
  329 0000001C         DMA3_IRQHandler
  330 0000001C         Reserved20_IRQHandler
  331 0000001C         FTFA_IRQHandler
  332 0000001C         LVD_LVW_IRQHandler
  333 0000001C         LLWU_IRQHandler
  334 0000001C         I2C0_IRQHandler
  335 0000001C         I2C1_IRQHandler
  336 0000001C         SPI0_IRQHandler
  337 0000001C         SPI1_IRQHandler
  338 0000001C         UART0_IRQHandler
  339 0000001C         UART1_IRQHandler
  340 0000001C         UART2_IRQHandler
  341 0000001C         ADC0_IRQHandler
  342 0000001C         CMP0_IRQHandler
  343 0000001C         TPM0_IRQHandler
  344 0000001C         TPM1_IRQHandler
  345 0000001C         TPM2_IRQHandler
  346 0000001C         RTC_IRQHandler
  347 0000001C         RTC_Seconds_IRQHandler
  348 0000001C         PIT_IRQHandler
  349 0000001C         I2S0_IRQHandler
  350 0000001C         USB0_IRQHandler
  351 0000001C         DAC0_IRQHandler
  352 0000001C         TSI0_IRQHandler
  353 0000001C         MCG_IRQHandler
  354 0000001C         LPTMR0_IRQHandler
  355 0000001C         Reserved45_IRQHandler
  356 0000001C         PORTA_IRQHandler
  357 0000001C         PORTC_PORTD_IRQHandler
  358 0000001C         DefaultISR
  359 0000001C 4804            LDR              R0, =DefaultISR
  360 0000001E 4700            BX               R0
  361 00000020                 ENDP
  362 00000020                 ALIGN
  363 00000020         
  364 00000020         
  365 00000020                 END
              00000000 
              00000000 
              00000000 
              00000000 
              00000000 
Command Line: --debug --xref --diag_suppress=9931 --cpu=Cortex-M0+ --apcs=inter
work --depend=.\objects\arm_startup.d -o.\objects\arm_startup.o -IZ:\Code\APRSD
ongle\software\mainBoard\RTE -IC:\Keil_v5\ARM\PACK\Keil\Kinetis_KLxx_DFP\1.4.0\
Device\Include -IC:\Keil_v5\ARM\CMSIS\Include --predefine="__EVAL SETA 1" --pre
define="__UVISION_VERSION SETA 514" --predefine="MKL26Z128xxx4 SETA 1" --list=.
\listings\arm_startup.lst ..\cmsis\MKL26Z4\arm_startup.s



ARM Macro Assembler    Page 1 Alphabetic symbol ordering
Relocatable symbols

RESET 00000000

Symbol: RESET
   Definitions
      At line 49 in file ..\cmsis\MKL26Z4\arm_startup.s
   Uses
      None
Comment: RESET unused
__Vectors 00000000

Symbol: __Vectors
   Definitions
      At line 55 in file ..\cmsis\MKL26Z4\arm_startup.s
   Uses
      At line 50 in file ..\cmsis\MKL26Z4\arm_startup.s
      At line 107 in file ..\cmsis\MKL26Z4\arm_startup.s

__Vectors_End 000000C0

Symbol: __Vectors_End
   Definitions
      At line 105 in file ..\cmsis\MKL26Z4\arm_startup.s
   Uses
      At line 51 in file ..\cmsis\MKL26Z4\arm_startup.s
      At line 107 in file ..\cmsis\MKL26Z4\arm_startup.s

3 symbols



ARM Macro Assembler    Page 1 Alphabetic symbol ordering
Relocatable symbols

FlashConfig 00000000

Symbol: FlashConfig
   Definitions
      At line 231 in file ..\cmsis\MKL26Z4\arm_startup.s
   Uses
      At line 251 in file ..\cmsis\MKL26Z4\arm_startup.s
Comment: FlashConfig used once
__FlashConfig 00000000

Symbol: __FlashConfig
   Definitions
      At line 232 in file ..\cmsis\MKL26Z4\arm_startup.s
   Uses
      None
Comment: __FlashConfig unused
2 symbols



ARM Macro Assembler    Page 1 Alphabetic symbol ordering
Relocatable symbols

.text 00000000

Symbol: .text
   Definitions
      At line 240 in file ..\cmsis\MKL26Z4\arm_startup.s
   Uses
      None
Comment: .text unused
ADC0_IRQHandler 0000001C

Symbol: ADC0_IRQHandler
   Definitions
      At line 341 in file ..\cmsis\MKL26Z4\arm_startup.s
   Uses
      At line 88 in file ..\cmsis\MKL26Z4\arm_startup.s
      At line 308 in file ..\cmsis\MKL26Z4\arm_startup.s

CMP0_IRQHandler 0000001C

Symbol: CMP0_IRQHandler
   Definitions
      At line 342 in file ..\cmsis\MKL26Z4\arm_startup.s
   Uses
      At line 89 in file ..\cmsis\MKL26Z4\arm_startup.s
      At line 309 in file ..\cmsis\MKL26Z4\arm_startup.s

DAC0_IRQHandler 0000001C

Symbol: DAC0_IRQHandler
   Definitions
      At line 351 in file ..\cmsis\MKL26Z4\arm_startup.s
   Uses
      At line 98 in file ..\cmsis\MKL26Z4\arm_startup.s
      At line 318 in file ..\cmsis\MKL26Z4\arm_startup.s

DMA0_IRQHandler 0000001C

Symbol: DMA0_IRQHandler
   Definitions
      At line 326 in file ..\cmsis\MKL26Z4\arm_startup.s
   Uses
      At line 73 in file ..\cmsis\MKL26Z4\arm_startup.s
      At line 293 in file ..\cmsis\MKL26Z4\arm_startup.s

DMA1_IRQHandler 0000001C

Symbol: DMA1_IRQHandler
   Definitions
      At line 327 in file ..\cmsis\MKL26Z4\arm_startup.s
   Uses
      At line 74 in file ..\cmsis\MKL26Z4\arm_startup.s
      At line 294 in file ..\cmsis\MKL26Z4\arm_startup.s

DMA2_IRQHandler 0000001C

Symbol: DMA2_IRQHandler
   Definitions
      At line 328 in file ..\cmsis\MKL26Z4\arm_startup.s
   Uses



ARM Macro Assembler    Page 2 Alphabetic symbol ordering
Relocatable symbols

      At line 75 in file ..\cmsis\MKL26Z4\arm_startup.s
      At line 295 in file ..\cmsis\MKL26Z4\arm_startup.s

DMA3_IRQHandler 0000001C

Symbol: DMA3_IRQHandler
   Definitions
      At line 329 in file ..\cmsis\MKL26Z4\arm_startup.s
   Uses
      At line 76 in file ..\cmsis\MKL26Z4\arm_startup.s
      At line 296 in file ..\cmsis\MKL26Z4\arm_startup.s

DefaultISR 0000001C

Symbol: DefaultISR
   Definitions
      At line 358 in file ..\cmsis\MKL26Z4\arm_startup.s
   Uses
      At line 325 in file ..\cmsis\MKL26Z4\arm_startup.s
      At line 359 in file ..\cmsis\MKL26Z4\arm_startup.s

Default_Handler 0000001C

Symbol: Default_Handler
   Definitions
      At line 292 in file ..\cmsis\MKL26Z4\arm_startup.s
   Uses
      None
Comment: Default_Handler unused
FTFA_IRQHandler 0000001C

Symbol: FTFA_IRQHandler
   Definitions
      At line 331 in file ..\cmsis\MKL26Z4\arm_startup.s
   Uses
      At line 78 in file ..\cmsis\MKL26Z4\arm_startup.s
      At line 298 in file ..\cmsis\MKL26Z4\arm_startup.s

HardFault_Handler 00000014

Symbol: HardFault_Handler
   Definitions
      At line 272 in file ..\cmsis\MKL26Z4\arm_startup.s
   Uses
      At line 58 in file ..\cmsis\MKL26Z4\arm_startup.s
      At line 273 in file ..\cmsis\MKL26Z4\arm_startup.s

I2C0_IRQHandler 0000001C

Symbol: I2C0_IRQHandler
   Definitions
      At line 334 in file ..\cmsis\MKL26Z4\arm_startup.s
   Uses
      At line 81 in file ..\cmsis\MKL26Z4\arm_startup.s
      At line 301 in file ..\cmsis\MKL26Z4\arm_startup.s

I2C1_IRQHandler 0000001C

Symbol: I2C1_IRQHandler



ARM Macro Assembler    Page 3 Alphabetic symbol ordering
Relocatable symbols

   Definitions
      At line 335 in file ..\cmsis\MKL26Z4\arm_startup.s
   Uses
      At line 82 in file ..\cmsis\MKL26Z4\arm_startup.s
      At line 302 in file ..\cmsis\MKL26Z4\arm_startup.s

I2S0_IRQHandler 0000001C

Symbol: I2S0_IRQHandler
   Definitions
      At line 349 in file ..\cmsis\MKL26Z4\arm_startup.s
   Uses
      At line 96 in file ..\cmsis\MKL26Z4\arm_startup.s
      At line 316 in file ..\cmsis\MKL26Z4\arm_startup.s

LLWU_IRQHandler 0000001C

Symbol: LLWU_IRQHandler
   Definitions
      At line 333 in file ..\cmsis\MKL26Z4\arm_startup.s
   Uses
      At line 80 in file ..\cmsis\MKL26Z4\arm_startup.s
      At line 300 in file ..\cmsis\MKL26Z4\arm_startup.s

LPTMR0_IRQHandler 0000001C

Symbol: LPTMR0_IRQHandler
   Definitions
      At line 354 in file ..\cmsis\MKL26Z4\arm_startup.s
   Uses
      At line 101 in file ..\cmsis\MKL26Z4\arm_startup.s
      At line 321 in file ..\cmsis\MKL26Z4\arm_startup.s

LVD_LVW_IRQHandler 0000001C

Symbol: LVD_LVW_IRQHandler
   Definitions
      At line 332 in file ..\cmsis\MKL26Z4\arm_startup.s
   Uses
      At line 79 in file ..\cmsis\MKL26Z4\arm_startup.s
      At line 299 in file ..\cmsis\MKL26Z4\arm_startup.s

MCG_IRQHandler 0000001C

Symbol: MCG_IRQHandler
   Definitions
      At line 353 in file ..\cmsis\MKL26Z4\arm_startup.s
   Uses
      At line 100 in file ..\cmsis\MKL26Z4\arm_startup.s
      At line 320 in file ..\cmsis\MKL26Z4\arm_startup.s

NMI_Handler 00000012

Symbol: NMI_Handler
   Definitions
      At line 267 in file ..\cmsis\MKL26Z4\arm_startup.s
   Uses
      At line 57 in file ..\cmsis\MKL26Z4\arm_startup.s
      At line 268 in file ..\cmsis\MKL26Z4\arm_startup.s



ARM Macro Assembler    Page 4 Alphabetic symbol ordering
Relocatable symbols


PIT_IRQHandler 0000001C

Symbol: PIT_IRQHandler
   Definitions
      At line 348 in file ..\cmsis\MKL26Z4\arm_startup.s
   Uses
      At line 95 in file ..\cmsis\MKL26Z4\arm_startup.s
      At line 315 in file ..\cmsis\MKL26Z4\arm_startup.s

PORTA_IRQHandler 0000001C

Symbol: PORTA_IRQHandler
   Definitions
      At line 356 in file ..\cmsis\MKL26Z4\arm_startup.s
   Uses
      At line 103 in file ..\cmsis\MKL26Z4\arm_startup.s
      At line 323 in file ..\cmsis\MKL26Z4\arm_startup.s

PORTC_PORTD_IRQHandler 0000001C

Symbol: PORTC_PORTD_IRQHandler
   Definitions
      At line 357 in file ..\cmsis\MKL26Z4\arm_startup.s
   Uses
      At line 104 in file ..\cmsis\MKL26Z4\arm_startup.s
      At line 324 in file ..\cmsis\MKL26Z4\arm_startup.s

PendSV_Handler 00000018

Symbol: PendSV_Handler
   Definitions
      At line 282 in file ..\cmsis\MKL26Z4\arm_startup.s
   Uses
      At line 69 in file ..\cmsis\MKL26Z4\arm_startup.s
      At line 283 in file ..\cmsis\MKL26Z4\arm_startup.s

RTC_IRQHandler 0000001C

Symbol: RTC_IRQHandler
   Definitions
      At line 346 in file ..\cmsis\MKL26Z4\arm_startup.s
   Uses
      At line 93 in file ..\cmsis\MKL26Z4\arm_startup.s
      At line 313 in file ..\cmsis\MKL26Z4\arm_startup.s

RTC_Seconds_IRQHandler 0000001C

Symbol: RTC_Seconds_IRQHandler
   Definitions
      At line 347 in file ..\cmsis\MKL26Z4\arm_startup.s
   Uses
      At line 94 in file ..\cmsis\MKL26Z4\arm_startup.s
      At line 314 in file ..\cmsis\MKL26Z4\arm_startup.s

Reserved20_IRQHandler 0000001C

Symbol: Reserved20_IRQHandler
   Definitions



ARM Macro Assembler    Page 5 Alphabetic symbol ordering
Relocatable symbols

      At line 330 in file ..\cmsis\MKL26Z4\arm_startup.s
   Uses
      At line 77 in file ..\cmsis\MKL26Z4\arm_startup.s
      At line 297 in file ..\cmsis\MKL26Z4\arm_startup.s

Reserved45_IRQHandler 0000001C

Symbol: Reserved45_IRQHandler
   Definitions
      At line 355 in file ..\cmsis\MKL26Z4\arm_startup.s
   Uses
      At line 102 in file ..\cmsis\MKL26Z4\arm_startup.s
      At line 322 in file ..\cmsis\MKL26Z4\arm_startup.s

Reset_Handler 00000000

Symbol: Reset_Handler
   Definitions
      At line 244 in file ..\cmsis\MKL26Z4\arm_startup.s
   Uses
      At line 56 in file ..\cmsis\MKL26Z4\arm_startup.s
      At line 245 in file ..\cmsis\MKL26Z4\arm_startup.s

SPI0_IRQHandler 0000001C

Symbol: SPI0_IRQHandler
   Definitions
      At line 336 in file ..\cmsis\MKL26Z4\arm_startup.s
   Uses
      At line 83 in file ..\cmsis\MKL26Z4\arm_startup.s
      At line 303 in file ..\cmsis\MKL26Z4\arm_startup.s

SPI1_IRQHandler 0000001C

Symbol: SPI1_IRQHandler
   Definitions
      At line 337 in file ..\cmsis\MKL26Z4\arm_startup.s
   Uses
      At line 84 in file ..\cmsis\MKL26Z4\arm_startup.s
      At line 304 in file ..\cmsis\MKL26Z4\arm_startup.s

SVC_Handler 00000016

Symbol: SVC_Handler
   Definitions
      At line 277 in file ..\cmsis\MKL26Z4\arm_startup.s
   Uses
      At line 66 in file ..\cmsis\MKL26Z4\arm_startup.s
      At line 278 in file ..\cmsis\MKL26Z4\arm_startup.s

SysTick_Handler 0000001A

Symbol: SysTick_Handler
   Definitions
      At line 287 in file ..\cmsis\MKL26Z4\arm_startup.s
   Uses
      At line 70 in file ..\cmsis\MKL26Z4\arm_startup.s
      At line 288 in file ..\cmsis\MKL26Z4\arm_startup.s




ARM Macro Assembler    Page 6 Alphabetic symbol ordering
Relocatable symbols

TPM0_IRQHandler 0000001C

Symbol: TPM0_IRQHandler
   Definitions
      At line 343 in file ..\cmsis\MKL26Z4\arm_startup.s
   Uses
      At line 90 in file ..\cmsis\MKL26Z4\arm_startup.s
      At line 310 in file ..\cmsis\MKL26Z4\arm_startup.s

TPM1_IRQHandler 0000001C

Symbol: TPM1_IRQHandler
   Definitions
      At line 344 in file ..\cmsis\MKL26Z4\arm_startup.s
   Uses
      At line 91 in file ..\cmsis\MKL26Z4\arm_startup.s
      At line 311 in file ..\cmsis\MKL26Z4\arm_startup.s

TPM2_IRQHandler 0000001C

Symbol: TPM2_IRQHandler
   Definitions
      At line 345 in file ..\cmsis\MKL26Z4\arm_startup.s
   Uses
      At line 92 in file ..\cmsis\MKL26Z4\arm_startup.s
      At line 312 in file ..\cmsis\MKL26Z4\arm_startup.s

TSI0_IRQHandler 0000001C

Symbol: TSI0_IRQHandler
   Definitions
      At line 352 in file ..\cmsis\MKL26Z4\arm_startup.s
   Uses
      At line 99 in file ..\cmsis\MKL26Z4\arm_startup.s
      At line 319 in file ..\cmsis\MKL26Z4\arm_startup.s

UART0_IRQHandler 0000001C

Symbol: UART0_IRQHandler
   Definitions
      At line 338 in file ..\cmsis\MKL26Z4\arm_startup.s
   Uses
      At line 85 in file ..\cmsis\MKL26Z4\arm_startup.s
      At line 305 in file ..\cmsis\MKL26Z4\arm_startup.s

UART1_IRQHandler 0000001C

Symbol: UART1_IRQHandler
   Definitions
      At line 339 in file ..\cmsis\MKL26Z4\arm_startup.s
   Uses
      At line 86 in file ..\cmsis\MKL26Z4\arm_startup.s
      At line 306 in file ..\cmsis\MKL26Z4\arm_startup.s

UART2_IRQHandler 0000001C

Symbol: UART2_IRQHandler
   Definitions
      At line 340 in file ..\cmsis\MKL26Z4\arm_startup.s



ARM Macro Assembler    Page 7 Alphabetic symbol ordering
Relocatable symbols

   Uses
      At line 87 in file ..\cmsis\MKL26Z4\arm_startup.s
      At line 307 in file ..\cmsis\MKL26Z4\arm_startup.s

USB0_IRQHandler 0000001C

Symbol: USB0_IRQHandler
   Definitions
      At line 350 in file ..\cmsis\MKL26Z4\arm_startup.s
   Uses
      At line 97 in file ..\cmsis\MKL26Z4\arm_startup.s
      At line 317 in file ..\cmsis\MKL26Z4\arm_startup.s

41 symbols



ARM Macro Assembler    Page 1 Alphabetic symbol ordering
Absolute symbols

BackDoorK0 000000FF

Symbol: BackDoorK0
   Definitions
      At line 121 in file ..\cmsis\MKL26Z4\arm_startup.s
   Uses
      At line 233 in file ..\cmsis\MKL26Z4\arm_startup.s
Comment: BackDoorK0 used once
BackDoorK1 000000FF

Symbol: BackDoorK1
   Definitions
      At line 122 in file ..\cmsis\MKL26Z4\arm_startup.s
   Uses
      At line 233 in file ..\cmsis\MKL26Z4\arm_startup.s
Comment: BackDoorK1 used once
BackDoorK2 000000FF

Symbol: BackDoorK2
   Definitions
      At line 123 in file ..\cmsis\MKL26Z4\arm_startup.s
   Uses
      At line 233 in file ..\cmsis\MKL26Z4\arm_startup.s
Comment: BackDoorK2 used once
BackDoorK3 000000FF

Symbol: BackDoorK3
   Definitions
      At line 124 in file ..\cmsis\MKL26Z4\arm_startup.s
   Uses
      At line 233 in file ..\cmsis\MKL26Z4\arm_startup.s
Comment: BackDoorK3 used once
BackDoorK4 000000FF

Symbol: BackDoorK4
   Definitions
      At line 125 in file ..\cmsis\MKL26Z4\arm_startup.s
   Uses
      At line 234 in file ..\cmsis\MKL26Z4\arm_startup.s
Comment: BackDoorK4 used once
BackDoorK5 000000FF

Symbol: BackDoorK5
   Definitions
      At line 126 in file ..\cmsis\MKL26Z4\arm_startup.s
   Uses
      At line 234 in file ..\cmsis\MKL26Z4\arm_startup.s
Comment: BackDoorK5 used once
BackDoorK6 000000FF

Symbol: BackDoorK6
   Definitions
      At line 127 in file ..\cmsis\MKL26Z4\arm_startup.s
   Uses
      At line 234 in file ..\cmsis\MKL26Z4\arm_startup.s
Comment: BackDoorK6 used once
BackDoorK7 000000FF

Symbol: BackDoorK7



ARM Macro Assembler    Page 2 Alphabetic symbol ordering
Absolute symbols

   Definitions
      At line 128 in file ..\cmsis\MKL26Z4\arm_startup.s
   Uses
      At line 234 in file ..\cmsis\MKL26Z4\arm_startup.s
Comment: BackDoorK7 used once
FOPT 000000FF

Symbol: FOPT
   Definitions
      At line 207 in file ..\cmsis\MKL26Z4\arm_startup.s
   Uses
      At line 236 in file ..\cmsis\MKL26Z4\arm_startup.s
Comment: FOPT used once
FPROT0 000000FF

Symbol: FPROT0
   Definitions
      At line 145 in file ..\cmsis\MKL26Z4\arm_startup.s
   Uses
      At line 235 in file ..\cmsis\MKL26Z4\arm_startup.s
Comment: FPROT0 used once
FPROT1 000000FF

Symbol: FPROT1
   Definitions
      At line 159 in file ..\cmsis\MKL26Z4\arm_startup.s
   Uses
      At line 235 in file ..\cmsis\MKL26Z4\arm_startup.s
Comment: FPROT1 used once
FPROT2 000000FF

Symbol: FPROT2
   Definitions
      At line 173 in file ..\cmsis\MKL26Z4\arm_startup.s
   Uses
      At line 235 in file ..\cmsis\MKL26Z4\arm_startup.s
Comment: FPROT2 used once
FPROT3 000000FF

Symbol: FPROT3
   Definitions
      At line 187 in file ..\cmsis\MKL26Z4\arm_startup.s
   Uses
      At line 235 in file ..\cmsis\MKL26Z4\arm_startup.s
Comment: FPROT3 used once
FSEC 000000FE

Symbol: FSEC
   Definitions
      At line 227 in file ..\cmsis\MKL26Z4\arm_startup.s
   Uses
      At line 236 in file ..\cmsis\MKL26Z4\arm_startup.s
Comment: FSEC used once
__Vectors_Size 000000C0

Symbol: __Vectors_Size
   Definitions
      At line 107 in file ..\cmsis\MKL26Z4\arm_startup.s
   Uses



ARM Macro Assembler    Page 3 Alphabetic symbol ordering
Absolute symbols

      At line 52 in file ..\cmsis\MKL26Z4\arm_startup.s
Comment: __Vectors_Size used once
nFPROT0 00000000

Symbol: nFPROT0
   Definitions
      At line 144 in file ..\cmsis\MKL26Z4\arm_startup.s
   Uses
      At line 145 in file ..\cmsis\MKL26Z4\arm_startup.s
Comment: nFPROT0 used once
nFPROT1 00000000

Symbol: nFPROT1
   Definitions
      At line 158 in file ..\cmsis\MKL26Z4\arm_startup.s
   Uses
      At line 159 in file ..\cmsis\MKL26Z4\arm_startup.s
Comment: nFPROT1 used once
nFPROT2 00000000

Symbol: nFPROT2
   Definitions
      At line 172 in file ..\cmsis\MKL26Z4\arm_startup.s
   Uses
      At line 173 in file ..\cmsis\MKL26Z4\arm_startup.s
Comment: nFPROT2 used once
nFPROT3 00000000

Symbol: nFPROT3
   Definitions
      At line 186 in file ..\cmsis\MKL26Z4\arm_startup.s
   Uses
      At line 187 in file ..\cmsis\MKL26Z4\arm_startup.s
Comment: nFPROT3 used once
19 symbols



ARM Macro Assembler    Page 1 Alphabetic symbol ordering
External symbols

Image$$ARM_LIB_STACK$$ZI$$Limit 00000000

Symbol: Image$$ARM_LIB_STACK$$ZI$$Limit
   Definitions
      At line 53 in file ..\cmsis\MKL26Z4\arm_startup.s
   Uses
      At line 55 in file ..\cmsis\MKL26Z4\arm_startup.s
Comment: Image$$ARM_LIB_STACK$$ZI$$Limit used once
SystemInit 00000000

Symbol: SystemInit
   Definitions
      At line 246 in file ..\cmsis\MKL26Z4\arm_startup.s
   Uses
      At line 255 in file ..\cmsis\MKL26Z4\arm_startup.s
Comment: SystemInit used once
__main 00000000

Symbol: __main
   Definitions
      At line 248 in file ..\cmsis\MKL26Z4\arm_startup.s
   Uses
      At line 260 in file ..\cmsis\MKL26Z4\arm_startup.s
Comment: __main used once
init_data_bss 00000000

Symbol: init_data_bss
   Definitions
      At line 247 in file ..\cmsis\MKL26Z4\arm_startup.s
   Uses
      At line 257 in file ..\cmsis\MKL26Z4\arm_startup.s
Comment: init_data_bss used once
4 symbols
408 symbols in table
